{"C:\\Users\\Inteli\\Documents\\GitHub\\2024-1B-T12-IN02-G05\\src\\api\\controllers\\AuthController.js":{"path":"C:\\Users\\Inteli\\Documents\\GitHub\\2024-1B-T12-IN02-G05\\src\\api\\controllers\\AuthController.js","statementMap":{"0":{"start":{"line":3,"column":0},"end":{"line":40,"column":2}},"1":{"start":{"line":5,"column":4},"end":{"line":38,"column":5}},"2":{"start":{"line":6,"column":34},"end":{"line":6,"column":42}},"3":{"start":{"line":7,"column":19},"end":{"line":7,"column":48}},"4":{"start":{"line":9,"column":6},"end":{"line":11,"column":7}},"5":{"start":{"line":10,"column":8},"end":{"line":10,"column":76}},"6":{"start":{"line":14,"column":22},"end":{"line":14,"column":62}},"7":{"start":{"line":16,"column":6},"end":{"line":18,"column":7}},"8":{"start":{"line":17,"column":8},"end":{"line":17,"column":68}},"9":{"start":{"line":21,"column":6},"end":{"line":21,"column":41}},"10":{"start":{"line":24,"column":6},"end":{"line":28,"column":7}},"11":{"start":{"line":25,"column":8},"end":{"line":25,"column":36}},"12":{"start":{"line":27,"column":8},"end":{"line":27,"column":19}},"13":{"start":{"line":31,"column":6},"end":{"line":34,"column":9}},"14":{"start":{"line":37,"column":6},"end":{"line":37,"column":81}}},"fnMap":{"0":{"name":"(anonymous_0)","decl":{"start":{"line":4,"column":9},"end":{"line":4,"column":10}},"loc":{"start":{"line":4,"column":35},"end":{"line":39,"column":3}},"line":4}},"branchMap":{"0":{"loc":{"start":{"line":9,"column":6},"end":{"line":11,"column":7}},"type":"if","locations":[{"start":{"line":9,"column":6},"end":{"line":11,"column":7}},{"start":{"line":9,"column":6},"end":{"line":11,"column":7}}],"line":9},"1":{"loc":{"start":{"line":9,"column":10},"end":{"line":9,"column":45}},"type":"binary-expr","locations":[{"start":{"line":9,"column":10},"end":{"line":9,"column":15}},{"start":{"line":9,"column":19},"end":{"line":9,"column":45}}],"line":9},"2":{"loc":{"start":{"line":16,"column":6},"end":{"line":18,"column":7}},"type":"if","locations":[{"start":{"line":16,"column":6},"end":{"line":18,"column":7}},{"start":{"line":16,"column":6},"end":{"line":18,"column":7}}],"line":16},"3":{"loc":{"start":{"line":24,"column":6},"end":{"line":28,"column":7}},"type":"if","locations":[{"start":{"line":24,"column":6},"end":{"line":28,"column":7}},{"start":{"line":24,"column":6},"end":{"line":28,"column":7}}],"line":24}},"s":{"0":2,"1":2,"2":2,"3":2,"4":2,"5":2,"6":0,"7":0,"8":0,"9":0,"10":0,"11":0,"12":0,"13":0,"14":0},"f":{"0":2},"b":{"0":[2,0],"1":[2,2],"2":[0,0],"3":[0,0]},"_coverageSchema":"1a1c01bbd47fc00a2c39e90264f33305004495a9","hash":"9b2df26bd6965a93f85d420054164f77f44663b1","contentHash":"1b10e27886efd7af01d5734435b050b3ac27dea7c642bf0f16ef2c6771bc2504"},"C:\\Users\\Inteli\\Documents\\GitHub\\2024-1B-T12-IN02-G05\\src\\api\\controllers\\StudentController.js":{"path":"C:\\Users\\Inteli\\Documents\\GitHub\\2024-1B-T12-IN02-G05\\src\\api\\controllers\\StudentController.js","statementMap":{"0":{"start":{"line":2,"column":0},"end":{"line":198,"column":2}},"1":{"start":{"line":4,"column":4},"end":{"line":47,"column":5}},"2":{"start":{"line":5,"column":24},"end":{"line":5,"column":45}},"3":{"start":{"line":8,"column":6},"end":{"line":10,"column":7}},"4":{"start":{"line":9,"column":8},"end":{"line":9,"column":69}},"5":{"start":{"line":13,"column":27},"end":{"line":13,"column":73}},"6":{"start":{"line":16,"column":25},"end":{"line":16,"column":62}},"7":{"start":{"line":16,"column":48},"end":{"line":16,"column":61}},"8":{"start":{"line":19,"column":26},"end":{"line":24,"column":8}},"9":{"start":{"line":27,"column":24},"end":{"line":27,"column":57}},"10":{"start":{"line":27,"column":46},"end":{"line":27,"column":56}},"11":{"start":{"line":30,"column":31},"end":{"line":30,"column":33}},"12":{"start":{"line":31,"column":6},"end":{"line":41,"column":7}},"13":{"start":{"line":32,"column":24},"end":{"line":32,"column":80}},"14":{"start":{"line":33,"column":8},"end":{"line":40,"column":9}},"15":{"start":{"line":34,"column":10},"end":{"line":39,"column":13}},"16":{"start":{"line":43,"column":6},"end":{"line":43,"column":52}},"17":{"start":{"line":45,"column":6},"end":{"line":45,"column":63}},"18":{"start":{"line":46,"column":6},"end":{"line":46,"column":70}},"19":{"start":{"line":54,"column":4},"end":{"line":97,"column":5}},"20":{"start":{"line":55,"column":24},"end":{"line":55,"column":45}},"21":{"start":{"line":58,"column":6},"end":{"line":60,"column":7}},"22":{"start":{"line":59,"column":8},"end":{"line":59,"column":69}},"23":{"start":{"line":62,"column":33},"end":{"line":62,"column":41}},"24":{"start":{"line":65,"column":29},"end":{"line":65,"column":100}},"25":{"start":{"line":68,"column":25},"end":{"line":68,"column":71}},"26":{"start":{"line":69,"column":22},"end":{"line":69,"column":59}},"27":{"start":{"line":69,"column":45},"end":{"line":69,"column":58}},"28":{"start":{"line":70,"column":24},"end":{"line":70,"column":73}},"29":{"start":{"line":73,"column":23},"end":{"line":73,"column":56}},"30":{"start":{"line":73,"column":45},"end":{"line":73,"column":55}},"31":{"start":{"line":74,"column":20},"end":{"line":74,"column":58}},"32":{"start":{"line":77,"column":28},"end":{"line":77,"column":62}},"33":{"start":{"line":77,"column":45},"end":{"line":77,"column":61}},"34":{"start":{"line":78,"column":32},"end":{"line":78,"column":33}},"35":{"start":{"line":81,"column":6},"end":{"line":83,"column":7}},"36":{"start":{"line":81,"column":19},"end":{"line":81,"column":20}},"37":{"start":{"line":82,"column":8},"end":{"line":82,"column":50}},"38":{"start":{"line":86,"column":34},"end":{"line":86,"column":78}},"39":{"start":{"line":89,"column":6},"end":{"line":92,"column":9}},"40":{"start":{"line":95,"column":6},"end":{"line":95,"column":80}},"41":{"start":{"line":96,"column":6},"end":{"line":96,"column":70}},"42":{"start":{"line":102,"column":4},"end":{"line":114,"column":5}},"43":{"start":{"line":103,"column":24},"end":{"line":103,"column":45}},"44":{"start":{"line":104,"column":22},"end":{"line":104,"column":62}},"45":{"start":{"line":107,"column":6},"end":{"line":111,"column":7}},"46":{"start":{"line":108,"column":8},"end":{"line":108,"column":42}},"47":{"start":{"line":110,"column":8},"end":{"line":110,"column":43}},"48":{"start":{"line":113,"column":6},"end":{"line":113,"column":36}},"49":{"start":{"line":119,"column":22},"end":{"line":119,"column":43}},"50":{"start":{"line":120,"column":98},"end":{"line":120,"column":106}},"51":{"start":{"line":122,"column":4},"end":{"line":122,"column":112}},"52":{"start":{"line":124,"column":4},"end":{"line":142,"column":5}},"53":{"start":{"line":126,"column":29},"end":{"line":128,"column":8}},"54":{"start":{"line":130,"column":6},"end":{"line":130,"column":32}},"55":{"start":{"line":133,"column":6},"end":{"line":135,"column":7}},"56":{"start":{"line":134,"column":8},"end":{"line":134,"column":75}},"57":{"start":{"line":138,"column":6},"end":{"line":138,"column":50}},"58":{"start":{"line":140,"column":6},"end":{"line":140,"column":21}},"59":{"start":{"line":141,"column":6},"end":{"line":141,"column":90}},"60":{"start":{"line":147,"column":4},"end":{"line":182,"column":5}},"61":{"start":{"line":148,"column":24},"end":{"line":148,"column":45}},"62":{"start":{"line":151,"column":6},"end":{"line":153,"column":7}},"63":{"start":{"line":152,"column":8},"end":{"line":152,"column":69}},"64":{"start":{"line":156,"column":22},"end":{"line":156,"column":62}},"65":{"start":{"line":159,"column":6},"end":{"line":161,"column":7}},"66":{"start":{"line":160,"column":8},"end":{"line":160,"column":73}},"67":{"start":{"line":164,"column":22},"end":{"line":175,"column":7}},"68":{"start":{"line":177,"column":6},"end":{"line":177,"column":43}},"69":{"start":{"line":180,"column":6},"end":{"line":180,"column":63}},"70":{"start":{"line":181,"column":6},"end":{"line":181,"column":73}},"71":{"start":{"line":186,"column":4},"end":{"line":194,"column":5}},"72":{"start":{"line":187,"column":19},"end":{"line":187,"column":60}},"73":{"start":{"line":188,"column":6},"end":{"line":190,"column":7}},"74":{"start":{"line":189,"column":8},"end":{"line":189,"column":75}},"75":{"start":{"line":191,"column":6},"end":{"line":191,"column":43}},"76":{"start":{"line":193,"column":6},"end":{"line":193,"column":75}}},"fnMap":{"0":{"name":"(anonymous_0)","decl":{"start":{"line":3,"column":15},"end":{"line":3,"column":16}},"loc":{"start":{"line":3,"column":41},"end":{"line":48,"column":3}},"line":3},"1":{"name":"(anonymous_1)","decl":{"start":{"line":16,"column":42},"end":{"line":16,"column":43}},"loc":{"start":{"line":16,"column":48},"end":{"line":16,"column":61}},"line":16},"2":{"name":"(anonymous_2)","decl":{"start":{"line":27,"column":40},"end":{"line":27,"column":41}},"loc":{"start":{"line":27,"column":46},"end":{"line":27,"column":56}},"line":27},"3":{"name":"(anonymous_3)","decl":{"start":{"line":53,"column":18},"end":{"line":53,"column":19}},"loc":{"start":{"line":53,"column":43},"end":{"line":98,"column":3}},"line":53},"4":{"name":"(anonymous_4)","decl":{"start":{"line":69,"column":39},"end":{"line":69,"column":40}},"loc":{"start":{"line":69,"column":45},"end":{"line":69,"column":58}},"line":69},"5":{"name":"(anonymous_5)","decl":{"start":{"line":73,"column":39},"end":{"line":73,"column":40}},"loc":{"start":{"line":73,"column":45},"end":{"line":73,"column":55}},"line":73},"6":{"name":"(anonymous_6)","decl":{"start":{"line":77,"column":40},"end":{"line":77,"column":41}},"loc":{"start":{"line":77,"column":45},"end":{"line":77,"column":61}},"line":77},"7":{"name":"(anonymous_7)","decl":{"start":{"line":101,"column":15},"end":{"line":101,"column":16}},"loc":{"start":{"line":101,"column":41},"end":{"line":115,"column":3}},"line":101},"8":{"name":"(anonymous_8)","decl":{"start":{"line":118,"column":10},"end":{"line":118,"column":11}},"loc":{"start":{"line":118,"column":36},"end":{"line":143,"column":3}},"line":118},"9":{"name":"(anonymous_9)","decl":{"start":{"line":146,"column":14},"end":{"line":146,"column":15}},"loc":{"start":{"line":146,"column":39},"end":{"line":183,"column":3}},"line":146},"10":{"name":"(anonymous_10)","decl":{"start":{"line":185,"column":19},"end":{"line":185,"column":20}},"loc":{"start":{"line":185,"column":45},"end":{"line":195,"column":3}},"line":185}},"branchMap":{"0":{"loc":{"start":{"line":8,"column":6},"end":{"line":10,"column":7}},"type":"if","locations":[{"start":{"line":8,"column":6},"end":{"line":10,"column":7}},{"start":{"line":8,"column":6},"end":{"line":10,"column":7}}],"line":8},"1":{"loc":{"start":{"line":33,"column":8},"end":{"line":40,"column":9}},"type":"if","locations":[{"start":{"line":33,"column":8},"end":{"line":40,"column":9}},{"start":{"line":33,"column":8},"end":{"line":40,"column":9}}],"line":33},"2":{"loc":{"start":{"line":33,"column":12},"end":{"line":33,"column":35}},"type":"binary-expr","locations":[{"start":{"line":33,"column":12},"end":{"line":33,"column":19}},{"start":{"line":33,"column":23},"end":{"line":33,"column":35}}],"line":33},"3":{"loc":{"start":{"line":58,"column":6},"end":{"line":60,"column":7}},"type":"if","locations":[{"start":{"line":58,"column":6},"end":{"line":60,"column":7}},{"start":{"line":58,"column":6},"end":{"line":60,"column":7}}],"line":58},"4":{"loc":{"start":{"line":107,"column":6},"end":{"line":111,"column":7}},"type":"if","locations":[{"start":{"line":107,"column":6},"end":{"line":111,"column":7}},{"start":{"line":107,"column":6},"end":{"line":111,"column":7}}],"line":107},"5":{"loc":{"start":{"line":107,"column":10},"end":{"line":107,"column":35}},"type":"binary-expr","locations":[{"start":{"line":107,"column":10},"end":{"line":107,"column":17}},{"start":{"line":107,"column":21},"end":{"line":107,"column":35}}],"line":107},"6":{"loc":{"start":{"line":133,"column":6},"end":{"line":135,"column":7}},"type":"if","locations":[{"start":{"line":133,"column":6},"end":{"line":135,"column":7}},{"start":{"line":133,"column":6},"end":{"line":135,"column":7}}],"line":133},"7":{"loc":{"start":{"line":151,"column":6},"end":{"line":153,"column":7}},"type":"if","locations":[{"start":{"line":151,"column":6},"end":{"line":153,"column":7}},{"start":{"line":151,"column":6},"end":{"line":153,"column":7}}],"line":151},"8":{"loc":{"start":{"line":159,"column":6},"end":{"line":161,"column":7}},"type":"if","locations":[{"start":{"line":159,"column":6},"end":{"line":161,"column":7}},{"start":{"line":159,"column":6},"end":{"line":161,"column":7}}],"line":159},"9":{"loc":{"start":{"line":188,"column":6},"end":{"line":190,"column":7}},"type":"if","locations":[{"start":{"line":188,"column":6},"end":{"line":190,"column":7}},{"start":{"line":188,"column":6},"end":{"line":190,"column":7}}],"line":188}},"s":{"0":2,"1":0,"2":0,"3":0,"4":0,"5":0,"6":0,"7":0,"8":0,"9":0,"10":0,"11":0,"12":0,"13":0,"14":0,"15":0,"16":0,"17":0,"18":0,"19":3,"20":3,"21":3,"22":1,"23":2,"24":2,"25":1,"26":1,"27":1,"28":1,"29":1,"30":2,"31":1,"32":1,"33":2,"34":1,"35":1,"36":1,"37":2,"38":1,"39":1,"40":1,"41":1,"42":3,"43":3,"44":3,"45":2,"46":1,"47":1,"48":1,"49":0,"50":0,"51":0,"52":0,"53":0,"54":0,"55":0,"56":0,"57":0,"58":0,"59":0,"60":0,"61":0,"62":0,"63":0,"64":0,"65":0,"66":0,"67":0,"68":0,"69":0,"70":0,"71":0,"72":0,"73":0,"74":0,"75":0,"76":0},"f":{"0":0,"1":0,"2":0,"3":3,"4":1,"5":2,"6":2,"7":3,"8":0,"9":0,"10":0},"b":{"0":[0,0],"1":[0,0],"2":[0,0],"3":[1,2],"4":[1,1],"5":[2,2],"6":[0,0],"7":[0,0],"8":[0,0],"9":[0,0]},"_coverageSchema":"1a1c01bbd47fc00a2c39e90264f33305004495a9","hash":"081e6d4a1f50ddd91a311c58bc9d8e40486de31c","contentHash":"a05355b2f5ab6152085297a2cbeea08a5115caa8c3afa068ddd9acf7d1f19cc3"},"C:\\Users\\Inteli\\Documents\\GitHub\\2024-1B-T12-IN02-G05\\src\\api\\controllers\\UserController.js":{"path":"C:\\Users\\Inteli\\Documents\\GitHub\\2024-1B-T12-IN02-G05\\src\\api\\controllers\\UserController.js","statementMap":{"0":{"start":{"line":2,"column":0},"end":{"line":181,"column":2}},"1":{"start":{"line":5,"column":4},"end":{"line":114,"column":5}},"2":{"start":{"line":20,"column":10},"end":{"line":20,"column":18}},"3":{"start":{"line":23,"column":6},"end":{"line":27,"column":7}},"4":{"start":{"line":24,"column":8},"end":{"line":26,"column":11}},"5":{"start":{"line":30,"column":6},"end":{"line":34,"column":7}},"6":{"start":{"line":31,"column":8},"end":{"line":33,"column":11}},"7":{"start":{"line":37,"column":6},"end":{"line":43,"column":7}},"8":{"start":{"line":38,"column":8},"end":{"line":38,"column":64}},"9":{"start":{"line":40,"column":8},"end":{"line":42,"column":11}},"10":{"start":{"line":46,"column":28},"end":{"line":46,"column":57}},"11":{"start":{"line":47,"column":6},"end":{"line":105,"column":7}},"12":{"start":{"line":48,"column":8},"end":{"line":50,"column":11}},"13":{"start":{"line":53,"column":24},"end":{"line":65,"column":10}},"14":{"start":{"line":67,"column":8},"end":{"line":67,"column":50}},"15":{"start":{"line":70,"column":27},"end":{"line":81,"column":10}},"16":{"start":{"line":83,"column":8},"end":{"line":83,"column":56}},"17":{"start":{"line":86,"column":8},"end":{"line":89,"column":11}},"18":{"start":{"line":92,"column":31},"end":{"line":95,"column":10}},"19":{"start":{"line":97,"column":8},"end":{"line":97,"column":65}},"20":{"start":{"line":99,"column":8},"end":{"line":104,"column":11}},"21":{"start":{"line":109,"column":6},"end":{"line":109,"column":55}},"22":{"start":{"line":110,"column":6},"end":{"line":113,"column":9}},"23":{"start":{"line":118,"column":4},"end":{"line":143,"column":5}},"24":{"start":{"line":119,"column":21},"end":{"line":119,"column":34}},"25":{"start":{"line":122,"column":19},"end":{"line":122,"column":53}},"26":{"start":{"line":123,"column":6},"end":{"line":125,"column":7}},"27":{"start":{"line":124,"column":8},"end":{"line":124,"column":75}},"28":{"start":{"line":128,"column":22},"end":{"line":128,"column":61}},"29":{"start":{"line":129,"column":6},"end":{"line":131,"column":7}},"30":{"start":{"line":130,"column":8},"end":{"line":130,"column":77}},"31":{"start":{"line":134,"column":26},"end":{"line":137,"column":7}},"32":{"start":{"line":139,"column":6},"end":{"line":139,"column":47}},"33":{"start":{"line":141,"column":6},"end":{"line":141,"column":54}},"34":{"start":{"line":142,"column":6},"end":{"line":142,"column":91}},"35":{"start":{"line":147,"column":4},"end":{"line":159,"column":5}},"36":{"start":{"line":148,"column":21},"end":{"line":148,"column":34}},"37":{"start":{"line":149,"column":19},"end":{"line":149,"column":53}},"38":{"start":{"line":151,"column":6},"end":{"line":153,"column":7}},"39":{"start":{"line":152,"column":8},"end":{"line":152,"column":73}},"40":{"start":{"line":156,"column":6},"end":{"line":156,"column":55}},"41":{"start":{"line":158,"column":6},"end":{"line":158,"column":99}},"42":{"start":{"line":162,"column":4},"end":{"line":179,"column":5}},"43":{"start":{"line":163,"column":6},"end":{"line":165,"column":7}},"44":{"start":{"line":164,"column":8},"end":{"line":164,"column":69}},"45":{"start":{"line":168,"column":6},"end":{"line":168,"column":28}},"46":{"start":{"line":171,"column":6},"end":{"line":175,"column":7}},"47":{"start":{"line":172,"column":8},"end":{"line":172,"column":44}},"48":{"start":{"line":174,"column":8},"end":{"line":174,"column":33}},"49":{"start":{"line":177,"column":6},"end":{"line":177,"column":53}},"50":{"start":{"line":178,"column":6},"end":{"line":178,"column":72}}},"fnMap":{"0":{"name":"(anonymous_0)","decl":{"start":{"line":4,"column":12},"end":{"line":4,"column":13}},"loc":{"start":{"line":4,"column":38},"end":{"line":115,"column":3}},"line":4},"1":{"name":"(anonymous_1)","decl":{"start":{"line":117,"column":11},"end":{"line":117,"column":12}},"loc":{"start":{"line":117,"column":37},"end":{"line":144,"column":3}},"line":117},"2":{"name":"(anonymous_2)","decl":{"start":{"line":146,"column":19},"end":{"line":146,"column":20}},"loc":{"start":{"line":146,"column":45},"end":{"line":160,"column":3}},"line":146},"3":{"name":"(anonymous_3)","decl":{"start":{"line":161,"column":10},"end":{"line":161,"column":11}},"loc":{"start":{"line":161,"column":35},"end":{"line":180,"column":3}},"line":161}},"branchMap":{"0":{"loc":{"start":{"line":23,"column":6},"end":{"line":27,"column":7}},"type":"if","locations":[{"start":{"line":23,"column":6},"end":{"line":27,"column":7}},{"start":{"line":23,"column":6},"end":{"line":27,"column":7}}],"line":23},"1":{"loc":{"start":{"line":23,"column":10},"end":{"line":23,"column":86}},"type":"binary-expr","locations":[{"start":{"line":23,"column":10},"end":{"line":23,"column":15}},{"start":{"line":23,"column":19},"end":{"line":23,"column":28}},{"start":{"line":23,"column":32},"end":{"line":23,"column":38}},{"start":{"line":23,"column":42},"end":{"line":23,"column":51}},{"start":{"line":23,"column":55},"end":{"line":23,"column":71}},{"start":{"line":23,"column":75},"end":{"line":23,"column":86}}],"line":23},"2":{"loc":{"start":{"line":30,"column":6},"end":{"line":34,"column":7}},"type":"if","locations":[{"start":{"line":30,"column":6},"end":{"line":34,"column":7}},{"start":{"line":30,"column":6},"end":{"line":34,"column":7}}],"line":30},"3":{"loc":{"start":{"line":47,"column":6},"end":{"line":105,"column":7}},"type":"if","locations":[{"start":{"line":47,"column":6},"end":{"line":105,"column":7}},{"start":{"line":47,"column":6},"end":{"line":105,"column":7}}],"line":47},"4":{"loc":{"start":{"line":123,"column":6},"end":{"line":125,"column":7}},"type":"if","locations":[{"start":{"line":123,"column":6},"end":{"line":125,"column":7}},{"start":{"line":123,"column":6},"end":{"line":125,"column":7}}],"line":123},"5":{"loc":{"start":{"line":129,"column":6},"end":{"line":131,"column":7}},"type":"if","locations":[{"start":{"line":129,"column":6},"end":{"line":131,"column":7}},{"start":{"line":129,"column":6},"end":{"line":131,"column":7}}],"line":129},"6":{"loc":{"start":{"line":151,"column":6},"end":{"line":153,"column":7}},"type":"if","locations":[{"start":{"line":151,"column":6},"end":{"line":153,"column":7}},{"start":{"line":151,"column":6},"end":{"line":153,"column":7}}],"line":151},"7":{"loc":{"start":{"line":163,"column":6},"end":{"line":165,"column":7}},"type":"if","locations":[{"start":{"line":163,"column":6},"end":{"line":165,"column":7}},{"start":{"line":163,"column":6},"end":{"line":165,"column":7}}],"line":163},"8":{"loc":{"start":{"line":171,"column":6},"end":{"line":175,"column":7}},"type":"if","locations":[{"start":{"line":171,"column":6},"end":{"line":175,"column":7}},{"start":{"line":171,"column":6},"end":{"line":175,"column":7}}],"line":171}},"s":{"0":2,"1":8,"2":8,"3":8,"4":5,"5":3,"6":1,"7":2,"8":2,"9":0,"10":2,"11":2,"12":1,"13":1,"14":1,"15":1,"16":1,"17":1,"18":1,"19":1,"20":1,"21":0,"22":0,"23":0,"24":0,"25":0,"26":0,"27":0,"28":0,"29":0,"30":0,"31":0,"32":0,"33":0,"34":0,"35":0,"36":0,"37":0,"38":0,"39":0,"40":0,"41":0,"42":0,"43":0,"44":0,"45":0,"46":0,"47":0,"48":0,"49":0,"50":0},"f":{"0":8,"1":0,"2":0,"3":0},"b":{"0":[5,3],"1":[8,7,6,5,4,3],"2":[1,2],"3":[1,1],"4":[0,0],"5":[0,0],"6":[0,0],"7":[0,0],"8":[0,0]},"_coverageSchema":"1a1c01bbd47fc00a2c39e90264f33305004495a9","hash":"b15d884c32cdac586420d90b61ba282c11524f31","contentHash":"35d7fc1cd29e7819b2dba2570f76c79d1a5f23e25037fae2735cadbc37855b9d"},"C:\\Users\\Inteli\\Documents\\GitHub\\2024-1B-T12-IN02-G05\\src\\api\\helpers\\validate-password.js":{"path":"C:\\Users\\Inteli\\Documents\\GitHub\\2024-1B-T12-IN02-G05\\src\\api\\helpers\\validate-password.js","statementMap":{"0":{"start":{"line":3,"column":0},"end":{"line":38,"column":2}},"1":{"start":{"line":28,"column":18},"end":{"line":28,"column":86}},"2":{"start":{"line":31,"column":4},"end":{"line":35,"column":5}},"3":{"start":{"line":32,"column":6},"end":{"line":32,"column":29}},"4":{"start":{"line":34,"column":6},"end":{"line":34,"column":189}}},"fnMap":{"0":{"name":"(anonymous_0)","decl":{"start":{"line":26,"column":6},"end":{"line":26,"column":7}},"loc":{"start":{"line":26,"column":37},"end":{"line":36,"column":3}},"line":26}},"branchMap":{"0":{"loc":{"start":{"line":31,"column":4},"end":{"line":35,"column":5}},"type":"if","locations":[{"start":{"line":31,"column":4},"end":{"line":35,"column":5}},{"start":{"line":31,"column":4},"end":{"line":35,"column":5}}],"line":31}},"s":{"0":2,"1":8,"2":8,"3":3,"4":5},"f":{"0":8},"b":{"0":[3,5]},"_coverageSchema":"1a1c01bbd47fc00a2c39e90264f33305004495a9","hash":"f511ddbcbebcc6b07d7c5784d4ae8d88fc4eff78","contentHash":"3107ceead17c91f056a7f013859fa7133cfadcda7dad7f7fa15fb687147e0385"},"C:\\Users\\Inteli\\Documents\\GitHub\\2024-1B-T12-IN02-G05\\src\\config\\blueprints.js":{"path":"C:\\Users\\Inteli\\Documents\\GitHub\\2024-1B-T12-IN02-G05\\src\\config\\blueprints.js","statementMap":{"0":{"start":{"line":12,"column":0},"end":{"line":41,"column":2}}},"fnMap":{},"branchMap":{},"s":{"0":1},"f":{},"b":{},"_coverageSchema":"1a1c01bbd47fc00a2c39e90264f33305004495a9","hash":"bae78744e47edb6616f4d51fc0cb96b447ff4e53","contentHash":"0d4b69859e181257ec2e80fd0afa8ed138ffa302056de4d27d2d5556f372fdd9"},"C:\\Users\\Inteli\\Documents\\GitHub\\2024-1B-T12-IN02-G05\\src\\config\\bootstrap.js":{"path":"C:\\Users\\Inteli\\Documents\\GitHub\\2024-1B-T12-IN02-G05\\src\\config\\bootstrap.js","statementMap":{"0":{"start":{"line":12,"column":0},"end":{"line":30,"column":2}}},"fnMap":{"0":{"name":"(anonymous_0)","decl":{"start":{"line":12,"column":27},"end":{"line":12,"column":28}},"loc":{"start":{"line":12,"column":44},"end":{"line":30,"column":1}},"line":12}},"branchMap":{},"s":{"0":1},"f":{"0":1},"b":{},"_coverageSchema":"1a1c01bbd47fc00a2c39e90264f33305004495a9","hash":"59262c1730de882cc9149b8c596105613dd00417","contentHash":"8fa033c3f874bb3e853336943c9fff6a59fce3d1eef2ec5359dc1a1d44c99308"},"C:\\Users\\Inteli\\Documents\\GitHub\\2024-1B-T12-IN02-G05\\src\\config\\custom.js":{"path":"C:\\Users\\Inteli\\Documents\\GitHub\\2024-1B-T12-IN02-G05\\src\\config\\custom.js","statementMap":{"0":{"start":{"line":11,"column":0},"end":{"line":22,"column":2}}},"fnMap":{},"branchMap":{},"s":{"0":1},"f":{},"b":{},"_coverageSchema":"1a1c01bbd47fc00a2c39e90264f33305004495a9","hash":"77433ed1d922dce4ae0cca0eff1d60856fd806cd","contentHash":"68f578fd98c8ad851822f5d7adfee1be6ef6546d29cf10657e924ba4fc04b016"},"C:\\Users\\Inteli\\Documents\\GitHub\\2024-1B-T12-IN02-G05\\src\\config\\datastores.js":{"path":"C:\\Users\\Inteli\\Documents\\GitHub\\2024-1B-T12-IN02-G05\\src\\config\\datastores.js","statementMap":{"0":{"start":{"line":16,"column":0},"end":{"line":57,"column":2}}},"fnMap":{},"branchMap":{},"s":{"0":1},"f":{},"b":{},"_coverageSchema":"1a1c01bbd47fc00a2c39e90264f33305004495a9","hash":"e4da249f535f5ea21052fd16ed177fc3036d3be8","contentHash":"74e98534cf7f91e3034c7b7506d7ec958ac7604aa32de13281c4dc82b55ce021"},"C:\\Users\\Inteli\\Documents\\GitHub\\2024-1B-T12-IN02-G05\\src\\config\\globals.js":{"path":"C:\\Users\\Inteli\\Documents\\GitHub\\2024-1B-T12-IN02-G05\\src\\config\\globals.js","statementMap":{"0":{"start":{"line":12,"column":0},"end":{"line":52,"column":2}}},"fnMap":{},"branchMap":{},"s":{"0":1},"f":{},"b":{},"_coverageSchema":"1a1c01bbd47fc00a2c39e90264f33305004495a9","hash":"a28bb3d5f7ae28b3b040a89333c7b351ef5932aa","contentHash":"eceb54b8c0ca9494740ab9e707d00f1fb2fb2e6841c6c5802bc3886402f36b49"},"C:\\Users\\Inteli\\Documents\\GitHub\\2024-1B-T12-IN02-G05\\src\\config\\http.js":{"path":"C:\\Users\\Inteli\\Documents\\GitHub\\2024-1B-T12-IN02-G05\\src\\config\\http.js","statementMap":{"0":{"start":{"line":12,"column":0},"end":{"line":60,"column":2}}},"fnMap":{},"branchMap":{},"s":{"0":1},"f":{},"b":{},"_coverageSchema":"1a1c01bbd47fc00a2c39e90264f33305004495a9","hash":"b3cd773e32bb5170b583ce8458ad67b061fdce7a","contentHash":"dc3ba5a947995e6d50ebff18c787e2865f9846ad65abfafd35a55a26218d7c0d"},"C:\\Users\\Inteli\\Documents\\GitHub\\2024-1B-T12-IN02-G05\\src\\config\\i18n.js":{"path":"C:\\Users\\Inteli\\Documents\\GitHub\\2024-1B-T12-IN02-G05\\src\\config\\i18n.js","statementMap":{"0":{"start":{"line":15,"column":0},"end":{"line":45,"column":2}}},"fnMap":{},"branchMap":{},"s":{"0":1},"f":{},"b":{},"_coverageSchema":"1a1c01bbd47fc00a2c39e90264f33305004495a9","hash":"ff0f489766808cf6c2989fabaa6350c7be038b2b","contentHash":"8c21a03c4c5a1d5a221bdd5e65b0a683371e85586f91e756da893fbadda3f0b1"},"C:\\Users\\Inteli\\Documents\\GitHub\\2024-1B-T12-IN02-G05\\src\\config\\log.js":{"path":"C:\\Users\\Inteli\\Documents\\GitHub\\2024-1B-T12-IN02-G05\\src\\config\\log.js","statementMap":{"0":{"start":{"line":13,"column":0},"end":{"line":29,"column":2}}},"fnMap":{},"branchMap":{},"s":{"0":1},"f":{},"b":{},"_coverageSchema":"1a1c01bbd47fc00a2c39e90264f33305004495a9","hash":"0748d4091e85aa42d7258706421fdfb40a885575","contentHash":"aaac99247fe69cb90e32c33de3f50d230ceb0d9d3cacab7a77744138d187f8eb"},"C:\\Users\\Inteli\\Documents\\GitHub\\2024-1B-T12-IN02-G05\\src\\config\\models.js":{"path":"C:\\Users\\Inteli\\Documents\\GitHub\\2024-1B-T12-IN02-G05\\src\\config\\models.js","statementMap":{"0":{"start":{"line":17,"column":0},"end":{"line":125,"column":2}}},"fnMap":{},"branchMap":{},"s":{"0":1},"f":{},"b":{},"_coverageSchema":"1a1c01bbd47fc00a2c39e90264f33305004495a9","hash":"0dc3e27df3fb083558b7395cbed92bacd0fbcabd","contentHash":"5a8301ab046fb50d7934fe691491e68fc6c84bf2ca7d50861597e7b09e46d7d1"},"C:\\Users\\Inteli\\Documents\\GitHub\\2024-1B-T12-IN02-G05\\src\\config\\policies.js":{"path":"C:\\Users\\Inteli\\Documents\\GitHub\\2024-1B-T12-IN02-G05\\src\\config\\policies.js","statementMap":{"0":{"start":{"line":1,"column":0},"end":{"line":9,"column":2}}},"fnMap":{},"branchMap":{},"s":{"0":1},"f":{},"b":{},"_coverageSchema":"1a1c01bbd47fc00a2c39e90264f33305004495a9","hash":"d530a99ffd5fb0d30eb1cdefded24ad2bb6e012e","contentHash":"4114b0bc2d16b1255a77928d45b356dfc35560bd878d58a83c9cc9d098b96691"},"C:\\Users\\Inteli\\Documents\\GitHub\\2024-1B-T12-IN02-G05\\src\\config\\routes.js":{"path":"C:\\Users\\Inteli\\Documents\\GitHub\\2024-1B-T12-IN02-G05\\src\\config\\routes.js","statementMap":{"0":{"start":{"line":12,"column":0},"end":{"line":151,"column":2}}},"fnMap":{},"branchMap":{},"s":{"0":1},"f":{},"b":{},"_coverageSchema":"1a1c01bbd47fc00a2c39e90264f33305004495a9","hash":"cbc73e0908c73edbb16195a3e4c54726cebef5e8","contentHash":"2e1247f2ac6ae1ee98ac65b4e16dc75b51a75b66440656464625d2681fec8c8b"},"C:\\Users\\Inteli\\Documents\\GitHub\\2024-1B-T12-IN02-G05\\src\\config\\security.js":{"path":"C:\\Users\\Inteli\\Documents\\GitHub\\2024-1B-T12-IN02-G05\\src\\config\\security.js","statementMap":{"0":{"start":{"line":17,"column":0},"end":{"line":55,"column":2}},"1":{"start":{"line":56,"column":0},"end":{"line":65,"column":2}}},"fnMap":{},"branchMap":{},"s":{"0":1,"1":1},"f":{},"b":{},"_coverageSchema":"1a1c01bbd47fc00a2c39e90264f33305004495a9","hash":"715340498a1d6912b8f6a789e6b21e8e0bb2bb10","contentHash":"f3607306495244ffbe41645de65cf3bbc2698997a367c999e2b43e0b6b3dd727"},"C:\\Users\\Inteli\\Documents\\GitHub\\2024-1B-T12-IN02-G05\\src\\config\\session.js":{"path":"C:\\Users\\Inteli\\Documents\\GitHub\\2024-1B-T12-IN02-G05\\src\\config\\session.js","statementMap":{"0":{"start":{"line":12,"column":0},"end":{"line":39,"column":2}}},"fnMap":{},"branchMap":{},"s":{"0":1},"f":{},"b":{},"_coverageSchema":"1a1c01bbd47fc00a2c39e90264f33305004495a9","hash":"b4a1c7044dc0497f28f990cd1575111d2eb39d0d","contentHash":"d5c91536c342fab4e26962eee267e50705e531e81dd80def49bec2e2b1336080"},"C:\\Users\\Inteli\\Documents\\GitHub\\2024-1B-T12-IN02-G05\\src\\config\\sockets.js":{"path":"C:\\Users\\Inteli\\Documents\\GitHub\\2024-1B-T12-IN02-G05\\src\\config\\sockets.js","statementMap":{"0":{"start":{"line":12,"column":0},"end":{"line":82,"column":2}}},"fnMap":{},"branchMap":{},"s":{"0":1},"f":{},"b":{},"_coverageSchema":"1a1c01bbd47fc00a2c39e90264f33305004495a9","hash":"3aa98985f4ef38266026d80aece782748c694461","contentHash":"e6cadc8f8b3563d9f056319b1eac2ca3319b6be35461d4fc7fe06a6252e16231"},"C:\\Users\\Inteli\\Documents\\GitHub\\2024-1B-T12-IN02-G05\\src\\config\\views.js":{"path":"C:\\Users\\Inteli\\Documents\\GitHub\\2024-1B-T12-IN02-G05\\src\\config\\views.js","statementMap":{"0":{"start":{"line":1,"column":0},"end":{"line":13,"column":2}},"1":{"start":{"line":8,"column":4},"end":{"line":10,"column":5}},"2":{"start":{"line":9,"column":6},"end":{"line":9,"column":32}},"3":{"start":{"line":11,"column":4},"end":{"line":11,"column":18}}},"fnMap":{"0":{"name":"(anonymous_0)","decl":{"start":{"line":7,"column":10},"end":{"line":7,"column":11}},"loc":{"start":{"line":7,"column":35},"end":{"line":12,"column":3}},"line":7}},"branchMap":{"0":{"loc":{"start":{"line":8,"column":4},"end":{"line":10,"column":5}},"type":"if","locations":[{"start":{"line":8,"column":4},"end":{"line":10,"column":5}},{"start":{"line":8,"column":4},"end":{"line":10,"column":5}}],"line":8}},"s":{"0":1,"1":0,"2":0,"3":0},"f":{"0":0},"b":{"0":[0,0]},"_coverageSchema":"1a1c01bbd47fc00a2c39e90264f33305004495a9","hash":"e12bd098f99028a7885da50dc568e7421bb15a9d","contentHash":"44cdeafcd20563d63e02d5928b6fc252bede134258e6eff069cf232bcfa73c1f"},"C:\\Users\\Inteli\\Documents\\GitHub\\2024-1B-T12-IN02-G05\\src\\api\\models\\CesimGameNew.js":{"path":"C:\\Users\\Inteli\\Documents\\GitHub\\2024-1B-T12-IN02-G05\\src\\api\\models\\CesimGameNew.js","statementMap":{"0":{"start":{"line":2,"column":0},"end":{"line":9,"column":2}}},"fnMap":{},"branchMap":{},"s":{"0":1},"f":{},"b":{},"_coverageSchema":"1a1c01bbd47fc00a2c39e90264f33305004495a9","hash":"7ddb95867f54c4720f663d5875f92e8d6d44e58a","contentHash":"ddff4bb4f29ee0496d3eb47e78a6767d92981539b6bb3e8518a38b66ab6a64d7"},"C:\\Users\\Inteli\\Documents\\GitHub\\2024-1B-T12-IN02-G05\\src\\api\\models\\Country.js":{"path":"C:\\Users\\Inteli\\Documents\\GitHub\\2024-1B-T12-IN02-G05\\src\\api\\models\\Country.js","statementMap":{"0":{"start":{"line":2,"column":0},"end":{"line":27,"column":2}}},"fnMap":{},"branchMap":{},"s":{"0":1},"f":{},"b":{},"_coverageSchema":"1a1c01bbd47fc00a2c39e90264f33305004495a9","hash":"109f3abce533b1254992d83c24875a72cc913299","contentHash":"b9bd23a75a77300d0d81f0200cda9081d1dd1a7c7cc597da163c532e8ce10f2d"},"C:\\Users\\Inteli\\Documents\\GitHub\\2024-1B-T12-IN02-G05\\src\\api\\models\\Feedback.js":{"path":"C:\\Users\\Inteli\\Documents\\GitHub\\2024-1B-T12-IN02-G05\\src\\api\\models\\Feedback.js","statementMap":{"0":{"start":{"line":7,"column":0},"end":{"line":26,"column":2}}},"fnMap":{},"branchMap":{},"s":{"0":1},"f":{},"b":{},"_coverageSchema":"1a1c01bbd47fc00a2c39e90264f33305004495a9","hash":"1964e544ffed03eb20b0ce8877a272cefd4be9e6","contentHash":"4da06266e5d291777d929b82ffcf5d7cc3da73a715a385f047ff4662e51b9576"},"C:\\Users\\Inteli\\Documents\\GitHub\\2024-1B-T12-IN02-G05\\src\\api\\models\\Round.js":{"path":"C:\\Users\\Inteli\\Documents\\GitHub\\2024-1B-T12-IN02-G05\\src\\api\\models\\Round.js","statementMap":{"0":{"start":{"line":2,"column":0},"end":{"line":20,"column":2}}},"fnMap":{},"branchMap":{},"s":{"0":1},"f":{},"b":{},"_coverageSchema":"1a1c01bbd47fc00a2c39e90264f33305004495a9","hash":"68620f78d9c85d3002de5ac9d8def1ba311fa486","contentHash":"f75611e0516e349aceee552dc2bffc640efde3912e5a63254b727eaccae860bd"},"C:\\Users\\Inteli\\Documents\\GitHub\\2024-1B-T12-IN02-G05\\src\\api\\models\\Student.js":{"path":"C:\\Users\\Inteli\\Documents\\GitHub\\2024-1B-T12-IN02-G05\\src\\api\\models\\Student.js","statementMap":{"0":{"start":{"line":3,"column":0},"end":{"line":69,"column":2}}},"fnMap":{},"branchMap":{},"s":{"0":1},"f":{},"b":{},"_coverageSchema":"1a1c01bbd47fc00a2c39e90264f33305004495a9","hash":"3b4f4351129602c3f59de07fc8faa55080281cc6","contentHash":"9f34a423a94a1e47a0ea313d3bfbee6c120cd304334b28987fb0b52d3e367cc5"},"C:\\Users\\Inteli\\Documents\\GitHub\\2024-1B-T12-IN02-G05\\src\\api\\models\\StudentTeam.js":{"path":"C:\\Users\\Inteli\\Documents\\GitHub\\2024-1B-T12-IN02-G05\\src\\api\\models\\StudentTeam.js","statementMap":{"0":{"start":{"line":3,"column":0},"end":{"line":14,"column":2}}},"fnMap":{},"branchMap":{},"s":{"0":1},"f":{},"b":{},"_coverageSchema":"1a1c01bbd47fc00a2c39e90264f33305004495a9","hash":"85b41a251f81f68417dcbe3c768aadb22ca4fc5c","contentHash":"86a4e0aba3442560b246273e537d8c85a1974cf4ffb11640eb70886dd01b38bc"},"C:\\Users\\Inteli\\Documents\\GitHub\\2024-1B-T12-IN02-G05\\src\\api\\models\\Team.js":{"path":"C:\\Users\\Inteli\\Documents\\GitHub\\2024-1B-T12-IN02-G05\\src\\api\\models\\Team.js","statementMap":{"0":{"start":{"line":2,"column":0},"end":{"line":22,"column":2}}},"fnMap":{},"branchMap":{},"s":{"0":1},"f":{},"b":{},"_coverageSchema":"1a1c01bbd47fc00a2c39e90264f33305004495a9","hash":"3119fff5dd14da718d73c39c5f52268be9b52786","contentHash":"fb296c8c364da2bb3aa9cbf0dc43479dc8044d1c95daad52a9d28525e521ee87"},"C:\\Users\\Inteli\\Documents\\GitHub\\2024-1B-T12-IN02-G05\\src\\api\\models\\Tutor.js":{"path":"C:\\Users\\Inteli\\Documents\\GitHub\\2024-1B-T12-IN02-G05\\src\\api\\models\\Tutor.js","statementMap":{"0":{"start":{"line":2,"column":0},"end":{"line":25,"column":2}}},"fnMap":{},"branchMap":{},"s":{"0":1},"f":{},"b":{},"_coverageSchema":"1a1c01bbd47fc00a2c39e90264f33305004495a9","hash":"084daf1d8cf9c51eed16bfa4d724144ee200b94d","contentHash":"c8ae7078d4ac91aade8df693aad2a5b7a2c4481e37afd047dd5a29ba6bcc5bd8"},"C:\\Users\\Inteli\\Documents\\GitHub\\2024-1B-T12-IN02-G05\\src\\api\\models\\TutorTeam.js":{"path":"C:\\Users\\Inteli\\Documents\\GitHub\\2024-1B-T12-IN02-G05\\src\\api\\models\\TutorTeam.js","statementMap":{"0":{"start":{"line":2,"column":0},"end":{"line":11,"column":2}}},"fnMap":{},"branchMap":{},"s":{"0":1},"f":{},"b":{},"_coverageSchema":"1a1c01bbd47fc00a2c39e90264f33305004495a9","hash":"1cede847ef93e3fad238f2b00d3357d65e2e9d36","contentHash":"38285dca71f1d219ceda42195769c0fcedb0cf7f2440ec37a98b6438a6bd944f"},"C:\\Users\\Inteli\\Documents\\GitHub\\2024-1B-T12-IN02-G05\\src\\api\\models\\University.js":{"path":"C:\\Users\\Inteli\\Documents\\GitHub\\2024-1B-T12-IN02-G05\\src\\api\\models\\University.js","statementMap":{"0":{"start":{"line":2,"column":0},"end":{"line":12,"column":2}}},"fnMap":{},"branchMap":{},"s":{"0":1},"f":{},"b":{},"_coverageSchema":"1a1c01bbd47fc00a2c39e90264f33305004495a9","hash":"953813a1ebc1f3aea74f3ac35feddf5e6bec3a53","contentHash":"d9c790ad79b488726d8f42e7117a42309aea87f310c63ca6d116e96a8c2f15bf"},"C:\\Users\\Inteli\\Documents\\GitHub\\2024-1B-T12-IN02-G05\\src\\api\\models\\User.js":{"path":"C:\\Users\\Inteli\\Documents\\GitHub\\2024-1B-T12-IN02-G05\\src\\api\\models\\User.js","statementMap":{"0":{"start":{"line":3,"column":0},"end":{"line":42,"column":2}}},"fnMap":{},"branchMap":{},"s":{"0":1},"f":{},"b":{},"_coverageSchema":"1a1c01bbd47fc00a2c39e90264f33305004495a9","hash":"e07d600c4c2a36b26f4b4003e0ec6107348da15f","contentHash":"ec567dd6a230bd1a545e540478b8083ce7c446cddf4c205ea21b6cb8634e5190"},"C:\\Users\\Inteli\\Documents\\GitHub\\2024-1B-T12-IN02-G05\\src\\api\\controllers\\account\\logout.js":{"path":"C:\\Users\\Inteli\\Documents\\GitHub\\2024-1B-T12-IN02-G05\\src\\api\\controllers\\account\\logout.js","statementMap":{"0":{"start":{"line":1,"column":0},"end":{"line":55,"column":2}},"1":{"start":{"line":38,"column":4},"end":{"line":38,"column":35}},"2":{"start":{"line":41,"column":4},"end":{"line":43,"column":5}},"3":{"start":{"line":42,"column":6},"end":{"line":42,"column":59}},"4":{"start":{"line":48,"column":4},"end":{"line":50,"column":5}},"5":{"start":{"line":49,"column":6},"end":{"line":49,"column":33}}},"fnMap":{"0":{"name":"(anonymous_0)","decl":{"start":{"line":35,"column":6},"end":{"line":35,"column":7}},"loc":{"start":{"line":35,"column":24},"end":{"line":52,"column":3}},"line":35}},"branchMap":{"0":{"loc":{"start":{"line":41,"column":4},"end":{"line":43,"column":5}},"type":"if","locations":[{"start":{"line":41,"column":4},"end":{"line":43,"column":5}},{"start":{"line":41,"column":4},"end":{"line":43,"column":5}}],"line":41},"1":{"loc":{"start":{"line":48,"column":4},"end":{"line":50,"column":5}},"type":"if","locations":[{"start":{"line":48,"column":4},"end":{"line":50,"column":5}},{"start":{"line":48,"column":4},"end":{"line":50,"column":5}}],"line":48}},"s":{"0":1,"1":0,"2":0,"3":0,"4":0,"5":0},"f":{"0":0},"b":{"0":[0,0],"1":[0,0]},"_coverageSchema":"1a1c01bbd47fc00a2c39e90264f33305004495a9","hash":"2b86ece87caa8c514029c5d1af1b34eb8f38c04f","contentHash":"83a79c9ba35991c0e279e32a036be5e533822fc3f1b18fbbe6a4134c3cafba34"},"C:\\Users\\Inteli\\Documents\\GitHub\\2024-1B-T12-IN02-G05\\src\\api\\controllers\\account\\update-billing-card.js":{"path":"C:\\Users\\Inteli\\Documents\\GitHub\\2024-1B-T12-IN02-G05\\src\\api\\controllers\\account\\update-billing-card.js","statementMap":{"0":{"start":{"line":1,"column":0},"end":{"line":79,"column":2}},"1":{"start":{"line":57,"column":27},"end":{"line":60,"column":28}},"2":{"start":{"line":66,"column":4},"end":{"line":74,"column":7}}},"fnMap":{"0":{"name":"(anonymous_0)","decl":{"start":{"line":53,"column":6},"end":{"line":53,"column":7}},"loc":{"start":{"line":53,"column":114},"end":{"line":76,"column":3}},"line":53}},"branchMap":{"0":{"loc":{"start":{"line":59,"column":13},"end":{"line":59,"column":30}},"type":"binary-expr","locations":[{"start":{"line":59,"column":13},"end":{"line":59,"column":24}},{"start":{"line":59,"column":28},"end":{"line":59,"column":30}}],"line":59},"1":{"loc":{"start":{"line":69,"column":22},"end":{"line":69,"column":48}},"type":"cond-expr","locations":[{"start":{"line":69,"column":36},"end":{"line":69,"column":40}},{"start":{"line":69,"column":43},"end":{"line":69,"column":48}}],"line":69},"2":{"loc":{"start":{"line":70,"column":24},"end":{"line":70,"column":59}},"type":"cond-expr","locations":[{"start":{"line":70,"column":38},"end":{"line":70,"column":54}},{"start":{"line":70,"column":57},"end":{"line":70,"column":59}}],"line":70},"3":{"loc":{"start":{"line":71,"column":24},"end":{"line":71,"column":59}},"type":"cond-expr","locations":[{"start":{"line":71,"column":38},"end":{"line":71,"column":54}},{"start":{"line":71,"column":57},"end":{"line":71,"column":59}}],"line":71},"4":{"loc":{"start":{"line":72,"column":27},"end":{"line":72,"column":65}},"type":"cond-expr","locations":[{"start":{"line":72,"column":41},"end":{"line":72,"column":60}},{"start":{"line":72,"column":63},"end":{"line":72,"column":65}}],"line":72},"5":{"loc":{"start":{"line":73,"column":26},"end":{"line":73,"column":63}},"type":"cond-expr","locations":[{"start":{"line":73,"column":40},"end":{"line":73,"column":58}},{"start":{"line":73,"column":61},"end":{"line":73,"column":63}}],"line":73}},"s":{"0":1,"1":0,"2":0},"f":{"0":0},"b":{"0":[0,0],"1":[0,0],"2":[0,0],"3":[0,0],"4":[0,0],"5":[0,0]},"_coverageSchema":"1a1c01bbd47fc00a2c39e90264f33305004495a9","hash":"c3baaefb21480c20276d9b0ba15a4ea2bd977c00","contentHash":"71c83deafe86b53a4f04d0cf2c88c056d76957af4f113d810e9bd40339ae8348"},"C:\\Users\\Inteli\\Documents\\GitHub\\2024-1B-T12-IN02-G05\\src\\api\\controllers\\account\\update-password.js":{"path":"C:\\Users\\Inteli\\Documents\\GitHub\\2024-1B-T12-IN02-G05\\src\\api\\controllers\\account\\update-password.js","statementMap":{"0":{"start":{"line":1,"column":0},"end":{"line":35,"column":2}},"1":{"start":{"line":24,"column":17},"end":{"line":24,"column":69}},"2":{"start":{"line":27,"column":4},"end":{"line":30,"column":7}}},"fnMap":{"0":{"name":"(anonymous_0)","decl":{"start":{"line":21,"column":6},"end":{"line":21,"column":7}},"loc":{"start":{"line":21,"column":34},"end":{"line":32,"column":3}},"line":21}},"branchMap":{},"s":{"0":1,"1":0,"2":0},"f":{"0":0},"b":{},"_coverageSchema":"1a1c01bbd47fc00a2c39e90264f33305004495a9","hash":"8ac56a510efad8a363c62f92c9f8d258c6dd616e","contentHash":"448acbcd028f34812258f7fa1b591bdf52a4e83730773e05044d386472b739c2"},"C:\\Users\\Inteli\\Documents\\GitHub\\2024-1B-T12-IN02-G05\\src\\api\\controllers\\account\\update-profile.js":{"path":"C:\\Users\\Inteli\\Documents\\GitHub\\2024-1B-T12-IN02-G05\\src\\api\\controllers\\account\\update-profile.js","statementMap":{"0":{"start":{"line":1,"column":0},"end":{"line":160,"column":2}},"1":{"start":{"line":35,"column":26},"end":{"line":35,"column":38}},"2":{"start":{"line":36,"column":4},"end":{"line":38,"column":5}},"3":{"start":{"line":37,"column":6},"end":{"line":37,"column":54}},"4":{"start":{"line":44,"column":4},"end":{"line":58,"column":5}},"5":{"start":{"line":49,"column":6},"end":{"line":49,"column":30}},"6":{"start":{"line":50,"column":11},"end":{"line":58,"column":5}},"7":{"start":{"line":51,"column":6},"end":{"line":51,"column":51}},"8":{"start":{"line":52,"column":11},"end":{"line":58,"column":5}},"9":{"start":{"line":53,"column":6},"end":{"line":53,"column":51}},"10":{"start":{"line":54,"column":11},"end":{"line":58,"column":5}},"11":{"start":{"line":55,"column":6},"end":{"line":55,"column":48}},"12":{"start":{"line":57,"column":6},"end":{"line":57,"column":42}},"13":{"start":{"line":62,"column":4},"end":{"line":72,"column":5}},"14":{"start":{"line":63,"column":28},"end":{"line":68,"column":8}},"15":{"start":{"line":69,"column":6},"end":{"line":71,"column":7}},"16":{"start":{"line":70,"column":8},"end":{"line":70,"column":34}},"17":{"start":{"line":77,"column":22},"end":{"line":79,"column":5}},"18":{"start":{"line":81,"column":4},"end":{"line":116,"column":5}},"19":{"start":{"line":85,"column":8},"end":{"line":91,"column":11}},"20":{"start":{"line":92,"column":8},"end":{"line":92,"column":14}},"21":{"start":{"line":97,"column":8},"end":{"line":102,"column":11}},"22":{"start":{"line":103,"column":8},"end":{"line":103,"column":14}},"23":{"start":{"line":107,"column":8},"end":{"line":112,"column":11}},"24":{"start":{"line":113,"column":8},"end":{"line":113,"column":14}},"25":{"start":{"line":119,"column":4},"end":{"line":120,"column":22}},"26":{"start":{"line":129,"column":4},"end":{"line":141,"column":5}},"27":{"start":{"line":130,"column":41},"end":{"line":130,"column":71}},"28":{"start":{"line":131,"column":29},"end":{"line":134,"column":30}},"29":{"start":{"line":135,"column":6},"end":{"line":140,"column":7}},"30":{"start":{"line":136,"column":8},"end":{"line":139,"column":11}},"31":{"start":{"line":145,"column":4},"end":{"line":155,"column":5}},"32":{"start":{"line":146,"column":6},"end":{"line":154,"column":9}}},"fnMap":{"0":{"name":"(anonymous_0)","decl":{"start":{"line":33,"column":6},"end":{"line":33,"column":7}},"loc":{"start":{"line":33,"column":48},"end":{"line":157,"column":3}},"line":33}},"branchMap":{"0":{"loc":{"start":{"line":36,"column":4},"end":{"line":38,"column":5}},"type":"if","locations":[{"start":{"line":36,"column":4},"end":{"line":38,"column":5}},{"start":{"line":36,"column":4},"end":{"line":38,"column":5}}],"line":36},"1":{"loc":{"start":{"line":44,"column":4},"end":{"line":58,"column":5}},"type":"if","locations":[{"start":{"line":44,"column":4},"end":{"line":58,"column":5}},{"start":{"line":44,"column":4},"end":{"line":58,"column":5}}],"line":44},"2":{"loc":{"start":{"line":45,"column":6},"end":{"line":47,"column":110}},"type":"binary-expr","locations":[{"start":{"line":45,"column":6},"end":{"line":45,"column":35}},{"start":{"line":46,"column":7},"end":{"line":46,"column":53}},{"start":{"line":46,"column":57},"end":{"line":46,"column":101}},{"start":{"line":47,"column":7},"end":{"line":47,"column":53}},{"start":{"line":47,"column":57},"end":{"line":47,"column":109}}],"line":45},"3":{"loc":{"start":{"line":50,"column":11},"end":{"line":58,"column":5}},"type":"if","locations":[{"start":{"line":50,"column":11},"end":{"line":58,"column":5}},{"start":{"line":50,"column":11},"end":{"line":58,"column":5}}],"line":50},"4":{"loc":{"start":{"line":50,"column":15},"end":{"line":50,"column":109}},"type":"binary-expr","locations":[{"start":{"line":50,"column":15},"end":{"line":50,"column":61}},{"start":{"line":50,"column":65},"end":{"line":50,"column":109}}],"line":50},"5":{"loc":{"start":{"line":52,"column":11},"end":{"line":58,"column":5}},"type":"if","locations":[{"start":{"line":52,"column":11},"end":{"line":58,"column":5}},{"start":{"line":52,"column":11},"end":{"line":58,"column":5}}],"line":52},"6":{"loc":{"start":{"line":52,"column":15},"end":{"line":52,"column":109}},"type":"binary-expr","locations":[{"start":{"line":52,"column":15},"end":{"line":52,"column":61}},{"start":{"line":52,"column":65},"end":{"line":52,"column":109}}],"line":52},"7":{"loc":{"start":{"line":54,"column":11},"end":{"line":58,"column":5}},"type":"if","locations":[{"start":{"line":54,"column":11},"end":{"line":58,"column":5}},{"start":{"line":54,"column":11},"end":{"line":58,"column":5}}],"line":54},"8":{"loc":{"start":{"line":54,"column":15},"end":{"line":54,"column":101}},"type":"binary-expr","locations":[{"start":{"line":54,"column":15},"end":{"line":54,"column":56}},{"start":{"line":54,"column":60},"end":{"line":54,"column":101}}],"line":54},"9":{"loc":{"start":{"line":62,"column":4},"end":{"line":72,"column":5}},"type":"if","locations":[{"start":{"line":62,"column":4},"end":{"line":72,"column":5}},{"start":{"line":62,"column":4},"end":{"line":72,"column":5}}],"line":62},"10":{"loc":{"start":{"line":69,"column":6},"end":{"line":71,"column":7}},"type":"if","locations":[{"start":{"line":69,"column":6},"end":{"line":71,"column":7}},{"start":{"line":69,"column":6},"end":{"line":71,"column":7}}],"line":69},"11":{"loc":{"start":{"line":81,"column":4},"end":{"line":116,"column":5}},"type":"switch","locations":[{"start":{"line":84,"column":6},"end":{"line":92,"column":14}},{"start":{"line":95,"column":6},"end":{"line":95,"column":26}},{"start":{"line":96,"column":6},"end":{"line":103,"column":14}},{"start":{"line":106,"column":6},"end":{"line":113,"column":14}}],"line":81},"12":{"loc":{"start":{"line":90,"column":23},"end":{"line":90,"column":94}},"type":"cond-expr","locations":[{"start":{"line":90,"column":67},"end":{"line":90,"column":80}},{"start":{"line":90,"column":83},"end":{"line":90,"column":94}}],"line":90},"13":{"loc":{"start":{"line":129,"column":4},"end":{"line":141,"column":5}},"type":"if","locations":[{"start":{"line":129,"column":4},"end":{"line":141,"column":5}},{"start":{"line":129,"column":4},"end":{"line":141,"column":5}}],"line":129},"14":{"loc":{"start":{"line":129,"column":7},"end":{"line":129,"column":95}},"type":"binary-expr","locations":[{"start":{"line":129,"column":7},"end":{"line":129,"column":50}},{"start":{"line":129,"column":54},"end":{"line":129,"column":95}}],"line":129},"15":{"loc":{"start":{"line":135,"column":6},"end":{"line":140,"column":7}},"type":"if","locations":[{"start":{"line":135,"column":6},"end":{"line":140,"column":7}},{"start":{"line":135,"column":6},"end":{"line":140,"column":7}}],"line":135},"16":{"loc":{"start":{"line":145,"column":4},"end":{"line":155,"column":5}},"type":"if","locations":[{"start":{"line":145,"column":4},"end":{"line":155,"column":5}},{"start":{"line":145,"column":4},"end":{"line":155,"column":5}}],"line":145},"17":{"loc":{"start":{"line":145,"column":8},"end":{"line":145,"column":95}},"type":"binary-expr","locations":[{"start":{"line":145,"column":8},"end":{"line":145,"column":45}},{"start":{"line":145,"column":49},"end":{"line":145,"column":95}}],"line":145},"18":{"loc":{"start":{"line":151,"column":20},"end":{"line":151,"column":50}},"type":"binary-expr","locations":[{"start":{"line":151,"column":20},"end":{"line":151,"column":28}},{"start":{"line":151,"column":30},"end":{"line":151,"column":50}}],"line":151}},"s":{"0":1,"1":0,"2":0,"3":0,"4":0,"5":0,"6":0,"7":0,"8":0,"9":0,"10":0,"11":0,"12":0,"13":0,"14":0,"15":0,"16":0,"17":0,"18":0,"19":0,"20":0,"21":0,"22":0,"23":0,"24":0,"25":0,"26":0,"27":0,"28":0,"29":0,"30":0,"31":0,"32":0},"f":{"0":0},"b":{"0":[0,0],"1":[0,0],"2":[0,0,0,0,0],"3":[0,0],"4":[0,0],"5":[0,0],"6":[0,0],"7":[0,0],"8":[0,0],"9":[0,0],"10":[0,0],"11":[0,0,0,0],"12":[0,0],"13":[0,0],"14":[0,0],"15":[0,0],"16":[0,0],"17":[0,0],"18":[0,0]},"_coverageSchema":"1a1c01bbd47fc00a2c39e90264f33305004495a9","hash":"ab8931b1b3b9f9a523502f8e0d95d8ca160e77c1","contentHash":"334fcad7fadf03f904e6b3df9f9d21606a8bf4e756864dd635faefb11a08bf16"},"C:\\Users\\Inteli\\Documents\\GitHub\\2024-1B-T12-IN02-G05\\src\\api\\controllers\\account\\view-account-overview.js":{"path":"C:\\Users\\Inteli\\Documents\\GitHub\\2024-1B-T12-IN02-G05\\src\\api\\controllers\\account\\view-account-overview.js","statementMap":{"0":{"start":{"line":1,"column":0},"end":{"line":30,"column":2}},"1":{"start":{"line":23,"column":4},"end":{"line":25,"column":6}}},"fnMap":{"0":{"name":"(anonymous_0)","decl":{"start":{"line":19,"column":6},"end":{"line":19,"column":7}},"loc":{"start":{"line":19,"column":24},"end":{"line":27,"column":3}},"line":19}},"branchMap":{"0":{"loc":{"start":{"line":24,"column":28},"end":{"line":24,"column":123}},"type":"cond-expr","locations":[{"start":{"line":24,"column":71},"end":{"line":24,"column":111}},{"start":{"line":24,"column":114},"end":{"line":24,"column":123}}],"line":24}},"s":{"0":1,"1":0},"f":{"0":0},"b":{"0":[0,0]},"_coverageSchema":"1a1c01bbd47fc00a2c39e90264f33305004495a9","hash":"19492a4a1b3e8d5fe85d85a37b735acc68dae5f2","contentHash":"c0eab79d62203790396c3f244aa09685fbe20b7b150b713cede836821417b277"},"C:\\Users\\Inteli\\Documents\\GitHub\\2024-1B-T12-IN02-G05\\src\\api\\controllers\\account\\view-edit-password.js":{"path":"C:\\Users\\Inteli\\Documents\\GitHub\\2024-1B-T12-IN02-G05\\src\\api\\controllers\\account\\view-edit-password.js","statementMap":{"0":{"start":{"line":1,"column":0},"end":{"line":26,"column":2}},"1":{"start":{"line":21,"column":4},"end":{"line":21,"column":14}}},"fnMap":{"0":{"name":"(anonymous_0)","decl":{"start":{"line":19,"column":6},"end":{"line":19,"column":7}},"loc":{"start":{"line":19,"column":24},"end":{"line":23,"column":3}},"line":19}},"branchMap":{},"s":{"0":1,"1":0},"f":{"0":0},"b":{},"_coverageSchema":"1a1c01bbd47fc00a2c39e90264f33305004495a9","hash":"210b3eb2e0240952ef80c13616e0b57e068da199","contentHash":"f963c2188a6bc87b9f8c85b3f418f96bbc8d92415f0829f5027aeee7f5c3c43c"},"C:\\Users\\Inteli\\Documents\\GitHub\\2024-1B-T12-IN02-G05\\src\\api\\controllers\\account\\view-edit-profile.js":{"path":"C:\\Users\\Inteli\\Documents\\GitHub\\2024-1B-T12-IN02-G05\\src\\api\\controllers\\account\\view-edit-profile.js","statementMap":{"0":{"start":{"line":1,"column":0},"end":{"line":26,"column":2}},"1":{"start":{"line":21,"column":4},"end":{"line":21,"column":14}}},"fnMap":{"0":{"name":"(anonymous_0)","decl":{"start":{"line":19,"column":6},"end":{"line":19,"column":7}},"loc":{"start":{"line":19,"column":24},"end":{"line":23,"column":3}},"line":19}},"branchMap":{},"s":{"0":1,"1":0},"f":{"0":0},"b":{},"_coverageSchema":"1a1c01bbd47fc00a2c39e90264f33305004495a9","hash":"ec5c757e4cb21bff88a22af3e8df4bb690e56959","contentHash":"1e97391ebdf4b63c5ca5984f42ebad57ab62758eb425feeb3a74c0956db0ca03"},"C:\\Users\\Inteli\\Documents\\GitHub\\2024-1B-T12-IN02-G05\\src\\api\\controllers\\CountryController.js":{"path":"C:\\Users\\Inteli\\Documents\\GitHub\\2024-1B-T12-IN02-G05\\src\\api\\controllers\\CountryController.js","statementMap":{"0":{"start":{"line":9,"column":0},"end":{"line":87,"column":2}},"1":{"start":{"line":13,"column":4},"end":{"line":21,"column":5}},"2":{"start":{"line":15,"column":25},"end":{"line":15,"column":63}},"3":{"start":{"line":17,"column":6},"end":{"line":17,"column":46}},"4":{"start":{"line":20,"column":6},"end":{"line":20,"column":85}},"5":{"start":{"line":26,"column":4},"end":{"line":34,"column":5}},"6":{"start":{"line":28,"column":24},"end":{"line":28,"column":44}},"7":{"start":{"line":30,"column":6},"end":{"line":30,"column":45}},"8":{"start":{"line":33,"column":6},"end":{"line":33,"column":87}},"9":{"start":{"line":39,"column":4},"end":{"line":51,"column":5}},"10":{"start":{"line":41,"column":22},"end":{"line":41,"column":66}},"11":{"start":{"line":43,"column":6},"end":{"line":45,"column":7}},"12":{"start":{"line":44,"column":8},"end":{"line":44,"column":68}},"13":{"start":{"line":47,"column":6},"end":{"line":47,"column":43}},"14":{"start":{"line":50,"column":6},"end":{"line":50,"column":85}},"15":{"start":{"line":56,"column":4},"end":{"line":68,"column":5}},"16":{"start":{"line":58,"column":29},"end":{"line":58,"column":89}},"17":{"start":{"line":60,"column":6},"end":{"line":62,"column":7}},"18":{"start":{"line":61,"column":8},"end":{"line":61,"column":68}},"19":{"start":{"line":64,"column":6},"end":{"line":64,"column":50}},"20":{"start":{"line":67,"column":6},"end":{"line":67,"column":85}},"21":{"start":{"line":73,"column":4},"end":{"line":85,"column":5}},"22":{"start":{"line":75,"column":29},"end":{"line":75,"column":76}},"23":{"start":{"line":77,"column":6},"end":{"line":79,"column":7}},"24":{"start":{"line":78,"column":8},"end":{"line":78,"column":68}},"25":{"start":{"line":81,"column":6},"end":{"line":81,"column":36}},"26":{"start":{"line":84,"column":6},"end":{"line":84,"column":85}}},"fnMap":{"0":{"name":"(anonymous_0)","decl":{"start":{"line":12,"column":10},"end":{"line":12,"column":11}},"loc":{"start":{"line":12,"column":36},"end":{"line":22,"column":3}},"line":12},"1":{"name":"(anonymous_1)","decl":{"start":{"line":25,"column":8},"end":{"line":25,"column":9}},"loc":{"start":{"line":25,"column":34},"end":{"line":35,"column":3}},"line":25},"2":{"name":"(anonymous_2)","decl":{"start":{"line":38,"column":11},"end":{"line":38,"column":12}},"loc":{"start":{"line":38,"column":37},"end":{"line":52,"column":3}},"line":38},"3":{"name":"(anonymous_3)","decl":{"start":{"line":55,"column":10},"end":{"line":55,"column":11}},"loc":{"start":{"line":55,"column":36},"end":{"line":69,"column":3}},"line":55},"4":{"name":"(anonymous_4)","decl":{"start":{"line":72,"column":11},"end":{"line":72,"column":12}},"loc":{"start":{"line":72,"column":37},"end":{"line":86,"column":3}},"line":72}},"branchMap":{"0":{"loc":{"start":{"line":43,"column":6},"end":{"line":45,"column":7}},"type":"if","locations":[{"start":{"line":43,"column":6},"end":{"line":45,"column":7}},{"start":{"line":43,"column":6},"end":{"line":45,"column":7}}],"line":43},"1":{"loc":{"start":{"line":60,"column":6},"end":{"line":62,"column":7}},"type":"if","locations":[{"start":{"line":60,"column":6},"end":{"line":62,"column":7}},{"start":{"line":60,"column":6},"end":{"line":62,"column":7}}],"line":60},"2":{"loc":{"start":{"line":77,"column":6},"end":{"line":79,"column":7}},"type":"if","locations":[{"start":{"line":77,"column":6},"end":{"line":79,"column":7}},{"start":{"line":77,"column":6},"end":{"line":79,"column":7}}],"line":77}},"s":{"0":1,"1":0,"2":0,"3":0,"4":0,"5":0,"6":0,"7":0,"8":0,"9":0,"10":0,"11":0,"12":0,"13":0,"14":0,"15":0,"16":0,"17":0,"18":0,"19":0,"20":0,"21":0,"22":0,"23":0,"24":0,"25":0,"26":0},"f":{"0":0,"1":0,"2":0,"3":0,"4":0},"b":{"0":[0,0],"1":[0,0],"2":[0,0]},"_coverageSchema":"1a1c01bbd47fc00a2c39e90264f33305004495a9","hash":"346e89eae2e5df1963498072f66f762d6bc94b17","contentHash":"6992701c35cf0d30b5b039ffb0dfb655202e66d8cda754194b3525ee79fc68ab"},"C:\\Users\\Inteli\\Documents\\GitHub\\2024-1B-T12-IN02-G05\\src\\api\\controllers\\dashboard\\view-welcome.js":{"path":"C:\\Users\\Inteli\\Documents\\GitHub\\2024-1B-T12-IN02-G05\\src\\api\\controllers\\dashboard\\view-welcome.js","statementMap":{"0":{"start":{"line":1,"column":0},"end":{"line":27,"column":2}},"1":{"start":{"line":22,"column":4},"end":{"line":22,"column":14}}},"fnMap":{"0":{"name":"(anonymous_0)","decl":{"start":{"line":20,"column":6},"end":{"line":20,"column":7}},"loc":{"start":{"line":20,"column":24},"end":{"line":24,"column":3}},"line":20}},"branchMap":{},"s":{"0":1,"1":0},"f":{"0":0},"b":{},"_coverageSchema":"1a1c01bbd47fc00a2c39e90264f33305004495a9","hash":"3d50cd895ef92ae7c67568566bddf39272df1d4d","contentHash":"f3a44ef4c606e357073fab5c2d4d5478056710051f3fd8796f079a23b00c6ada"},"C:\\Users\\Inteli\\Documents\\GitHub\\2024-1B-T12-IN02-G05\\src\\api\\controllers\\entrance\\confirm-email.js":{"path":"C:\\Users\\Inteli\\Documents\\GitHub\\2024-1B-T12-IN02-G05\\src\\api\\controllers\\entrance\\confirm-email.js","statementMap":{"0":{"start":{"line":1,"column":0},"end":{"line":160,"column":2}},"1":{"start":{"line":52,"column":4},"end":{"line":54,"column":5}},"2":{"start":{"line":53,"column":6},"end":{"line":53,"column":36}},"3":{"start":{"line":57,"column":15},"end":{"line":57,"column":61}},"4":{"start":{"line":60,"column":4},"end":{"line":62,"column":5}},"5":{"start":{"line":61,"column":6},"end":{"line":61,"column":36}},"6":{"start":{"line":64,"column":4},"end":{"line":155,"column":5}},"7":{"start":{"line":72,"column":6},"end":{"line":76,"column":9}},"8":{"start":{"line":77,"column":6},"end":{"line":77,"column":40}},"9":{"start":{"line":81,"column":6},"end":{"line":83,"column":7}},"10":{"start":{"line":82,"column":8},"end":{"line":82,"column":61}},"11":{"start":{"line":85,"column":6},"end":{"line":89,"column":7}},"12":{"start":{"line":86,"column":8},"end":{"line":86,"column":15}},"13":{"start":{"line":88,"column":8},"end":{"line":88,"column":47}},"14":{"start":{"line":91,"column":11},"end":{"line":155,"column":5}},"15":{"start":{"line":95,"column":6},"end":{"line":97,"column":7}},"16":{"start":{"line":96,"column":8},"end":{"line":96,"column":205}},"17":{"start":{"line":104,"column":6},"end":{"line":106,"column":7}},"18":{"start":{"line":105,"column":8},"end":{"line":105,"column":46}},"19":{"start":{"line":115,"column":6},"end":{"line":126,"column":7}},"20":{"start":{"line":116,"column":43},"end":{"line":116,"column":66}},"21":{"start":{"line":117,"column":31},"end":{"line":120,"column":32}},"22":{"start":{"line":121,"column":8},"end":{"line":125,"column":9}},"23":{"start":{"line":122,"column":10},"end":{"line":124,"column":13}},"24":{"start":{"line":131,"column":6},"end":{"line":138,"column":9}},"25":{"start":{"line":139,"column":6},"end":{"line":139,"column":40}},"26":{"start":{"line":143,"column":6},"end":{"line":145,"column":7}},"27":{"start":{"line":144,"column":8},"end":{"line":144,"column":61}},"28":{"start":{"line":147,"column":6},"end":{"line":151,"column":7}},"29":{"start":{"line":148,"column":8},"end":{"line":148,"column":15}},"30":{"start":{"line":150,"column":8},"end":{"line":150,"column":39}},"31":{"start":{"line":154,"column":6},"end":{"line":154,"column":181}}},"fnMap":{"0":{"name":"(anonymous_0)","decl":{"start":{"line":49,"column":6},"end":{"line":49,"column":7}},"loc":{"start":{"line":49,"column":31},"end":{"line":157,"column":3}},"line":49}},"branchMap":{"0":{"loc":{"start":{"line":52,"column":4},"end":{"line":54,"column":5}},"type":"if","locations":[{"start":{"line":52,"column":4},"end":{"line":54,"column":5}},{"start":{"line":52,"column":4},"end":{"line":54,"column":5}}],"line":52},"1":{"loc":{"start":{"line":60,"column":4},"end":{"line":62,"column":5}},"type":"if","locations":[{"start":{"line":60,"column":4},"end":{"line":62,"column":5}},{"start":{"line":60,"column":4},"end":{"line":62,"column":5}}],"line":60},"2":{"loc":{"start":{"line":60,"column":8},"end":{"line":60,"column":60}},"type":"binary-expr","locations":[{"start":{"line":60,"column":8},"end":{"line":60,"column":13}},{"start":{"line":60,"column":17},"end":{"line":60,"column":60}}],"line":60},"3":{"loc":{"start":{"line":64,"column":4},"end":{"line":155,"column":5}},"type":"if","locations":[{"start":{"line":64,"column":4},"end":{"line":155,"column":5}},{"start":{"line":64,"column":4},"end":{"line":155,"column":5}}],"line":64},"4":{"loc":{"start":{"line":81,"column":6},"end":{"line":83,"column":7}},"type":"if","locations":[{"start":{"line":81,"column":6},"end":{"line":83,"column":7}},{"start":{"line":81,"column":6},"end":{"line":83,"column":7}}],"line":81},"5":{"loc":{"start":{"line":85,"column":6},"end":{"line":89,"column":7}},"type":"if","locations":[{"start":{"line":85,"column":6},"end":{"line":89,"column":7}},{"start":{"line":85,"column":6},"end":{"line":89,"column":7}}],"line":85},"6":{"loc":{"start":{"line":91,"column":11},"end":{"line":155,"column":5}},"type":"if","locations":[{"start":{"line":91,"column":11},"end":{"line":155,"column":5}},{"start":{"line":91,"column":11},"end":{"line":155,"column":5}}],"line":91},"7":{"loc":{"start":{"line":95,"column":6},"end":{"line":97,"column":7}},"type":"if","locations":[{"start":{"line":95,"column":6},"end":{"line":97,"column":7}},{"start":{"line":95,"column":6},"end":{"line":97,"column":7}}],"line":95},"8":{"loc":{"start":{"line":104,"column":6},"end":{"line":106,"column":7}},"type":"if","locations":[{"start":{"line":104,"column":6},"end":{"line":106,"column":7}},{"start":{"line":104,"column":6},"end":{"line":106,"column":7}}],"line":104},"9":{"loc":{"start":{"line":115,"column":6},"end":{"line":126,"column":7}},"type":"if","locations":[{"start":{"line":115,"column":6},"end":{"line":126,"column":7}},{"start":{"line":115,"column":6},"end":{"line":126,"column":7}}],"line":115},"10":{"loc":{"start":{"line":121,"column":8},"end":{"line":125,"column":9}},"type":"if","locations":[{"start":{"line":121,"column":8},"end":{"line":125,"column":9}},{"start":{"line":121,"column":8},"end":{"line":125,"column":9}}],"line":121},"11":{"loc":{"start":{"line":143,"column":6},"end":{"line":145,"column":7}},"type":"if","locations":[{"start":{"line":143,"column":6},"end":{"line":145,"column":7}},{"start":{"line":143,"column":6},"end":{"line":145,"column":7}}],"line":143},"12":{"loc":{"start":{"line":147,"column":6},"end":{"line":151,"column":7}},"type":"if","locations":[{"start":{"line":147,"column":6},"end":{"line":151,"column":7}},{"start":{"line":147,"column":6},"end":{"line":151,"column":7}}],"line":147}},"s":{"0":1,"1":0,"2":0,"3":0,"4":0,"5":0,"6":0,"7":0,"8":0,"9":0,"10":0,"11":0,"12":0,"13":0,"14":0,"15":0,"16":0,"17":0,"18":0,"19":0,"20":0,"21":0,"22":0,"23":0,"24":0,"25":0,"26":0,"27":0,"28":0,"29":0,"30":0,"31":0},"f":{"0":0},"b":{"0":[0,0],"1":[0,0],"2":[0,0],"3":[0,0],"4":[0,0],"5":[0,0],"6":[0,0],"7":[0,0],"8":[0,0],"9":[0,0],"10":[0,0],"11":[0,0],"12":[0,0]},"_coverageSchema":"1a1c01bbd47fc00a2c39e90264f33305004495a9","hash":"c07fbb53428dbe741caa8e25322349f60a135220","contentHash":"6dcd3f08634b716e8dd6abcb8519505cd75a7fa14362001451281e30f7ae0067"},"C:\\Users\\Inteli\\Documents\\GitHub\\2024-1B-T12-IN02-G05\\src\\api\\controllers\\entrance\\login.js":{"path":"C:\\Users\\Inteli\\Documents\\GitHub\\2024-1B-T12-IN02-G05\\src\\api\\controllers\\entrance\\login.js","statementMap":{"0":{"start":{"line":1,"column":0},"end":{"line":119,"column":2}},"1":{"start":{"line":77,"column":21},"end":{"line":79,"column":6}},"2":{"start":{"line":82,"column":4},"end":{"line":84,"column":5}},"3":{"start":{"line":83,"column":6},"end":{"line":83,"column":23}},"4":{"start":{"line":87,"column":4},"end":{"line":88,"column":40}},"5":{"start":{"line":95,"column":4},"end":{"line":105,"column":5}},"6":{"start":{"line":96,"column":6},"end":{"line":104,"column":7}},"7":{"start":{"line":97,"column":8},"end":{"line":101,"column":10}},"8":{"start":{"line":103,"column":8},"end":{"line":103,"column":84}},"9":{"start":{"line":109,"column":4},"end":{"line":109,"column":44}},"10":{"start":{"line":113,"column":4},"end":{"line":115,"column":5}},"11":{"start":{"line":114,"column":6},"end":{"line":114,"column":59}}},"fnMap":{"0":{"name":"(anonymous_0)","decl":{"start":{"line":72,"column":6},"end":{"line":72,"column":7}},"loc":{"start":{"line":72,"column":60},"end":{"line":117,"column":3}},"line":72}},"branchMap":{"0":{"loc":{"start":{"line":82,"column":4},"end":{"line":84,"column":5}},"type":"if","locations":[{"start":{"line":82,"column":4},"end":{"line":84,"column":5}},{"start":{"line":82,"column":4},"end":{"line":84,"column":5}}],"line":82},"1":{"loc":{"start":{"line":95,"column":4},"end":{"line":105,"column":5}},"type":"if","locations":[{"start":{"line":95,"column":4},"end":{"line":105,"column":5}},{"start":{"line":95,"column":4},"end":{"line":105,"column":5}}],"line":95},"2":{"loc":{"start":{"line":96,"column":6},"end":{"line":104,"column":7}},"type":"if","locations":[{"start":{"line":96,"column":6},"end":{"line":104,"column":7}},{"start":{"line":96,"column":6},"end":{"line":104,"column":7}}],"line":96},"3":{"loc":{"start":{"line":113,"column":4},"end":{"line":115,"column":5}},"type":"if","locations":[{"start":{"line":113,"column":4},"end":{"line":115,"column":5}},{"start":{"line":113,"column":4},"end":{"line":115,"column":5}}],"line":113}},"s":{"0":1,"1":0,"2":0,"3":0,"4":0,"5":0,"6":0,"7":0,"8":0,"9":0,"10":0,"11":0},"f":{"0":0},"b":{"0":[0,0],"1":[0,0],"2":[0,0],"3":[0,0]},"_coverageSchema":"1a1c01bbd47fc00a2c39e90264f33305004495a9","hash":"6f873a2a105c5f7444ba50e1358e72f52ba022aa","contentHash":"f903c6dd6daaf5145e888e602bd50dcd02a96e1412dbad07457e3206434f77d6"},"C:\\Users\\Inteli\\Documents\\GitHub\\2024-1B-T12-IN02-G05\\src\\api\\controllers\\entrance\\send-password-recovery-email.js":{"path":"C:\\Users\\Inteli\\Documents\\GitHub\\2024-1B-T12-IN02-G05\\src\\api\\controllers\\entrance\\send-password-recovery-email.js","statementMap":{"0":{"start":{"line":1,"column":0},"end":{"line":66,"column":2}},"1":{"start":{"line":35,"column":21},"end":{"line":35,"column":57}},"2":{"start":{"line":36,"column":4},"end":{"line":38,"column":5}},"3":{"start":{"line":37,"column":6},"end":{"line":37,"column":13}},"4":{"start":{"line":42,"column":16},"end":{"line":42,"column":66}},"5":{"start":{"line":46,"column":4},"end":{"line":50,"column":7}},"6":{"start":{"line":53,"column":4},"end":{"line":61,"column":7}}},"fnMap":{"0":{"name":"(anonymous_0)","decl":{"start":{"line":31,"column":6},"end":{"line":31,"column":7}},"loc":{"start":{"line":31,"column":38},"end":{"line":63,"column":3}},"line":31}},"branchMap":{"0":{"loc":{"start":{"line":36,"column":4},"end":{"line":38,"column":5}},"type":"if","locations":[{"start":{"line":36,"column":4},"end":{"line":38,"column":5}},{"start":{"line":36,"column":4},"end":{"line":38,"column":5}}],"line":36}},"s":{"0":1,"1":0,"2":0,"3":0,"4":0,"5":0,"6":0},"f":{"0":0},"b":{"0":[0,0]},"_coverageSchema":"1a1c01bbd47fc00a2c39e90264f33305004495a9","hash":"26c80ada82db209d3ca50860d33efd34e680c970","contentHash":"ab385931f636d1c1dfe3b1fb6176c9dfb734c2f0093a4d2e26020261292893a0"},"C:\\Users\\Inteli\\Documents\\GitHub\\2024-1B-T12-IN02-G05\\src\\api\\controllers\\entrance\\signup.js":{"path":"C:\\Users\\Inteli\\Documents\\GitHub\\2024-1B-T12-IN02-G05\\src\\api\\controllers\\entrance\\signup.js","statementMap":{"0":{"start":{"line":1,"column":0},"end":{"line":127,"column":2}},"1":{"start":{"line":71,"column":26},"end":{"line":71,"column":52}},"2":{"start":{"line":75,"column":24},"end":{"line":87,"column":12}},"3":{"start":{"line":91,"column":4},"end":{"line":99,"column":5}},"4":{"start":{"line":92,"column":29},"end":{"line":94,"column":30}},"5":{"start":{"line":95,"column":6},"end":{"line":98,"column":9}},"6":{"start":{"line":102,"column":4},"end":{"line":102,"column":47}},"7":{"start":{"line":106,"column":4},"end":{"line":108,"column":5}},"8":{"start":{"line":107,"column":6},"end":{"line":107,"column":59}},"9":{"start":{"line":110,"column":4},"end":{"line":123,"column":5}},"10":{"start":{"line":112,"column":6},"end":{"line":120,"column":9}},"11":{"start":{"line":122,"column":6},"end":{"line":122,"column":110}}},"fnMap":{"0":{"name":"(anonymous_0)","decl":{"start":{"line":69,"column":6},"end":{"line":69,"column":7}},"loc":{"start":{"line":69,"column":58},"end":{"line":125,"column":3}},"line":69}},"branchMap":{"0":{"loc":{"start":{"line":80,"column":7},"end":{"line":84,"column":8}},"type":"cond-expr","locations":[{"start":{"line":80,"column":49},"end":{"line":84,"column":5}},{"start":{"line":84,"column":6},"end":{"line":84,"column":8}}],"line":80},"1":{"loc":{"start":{"line":91,"column":4},"end":{"line":99,"column":5}},"type":"if","locations":[{"start":{"line":91,"column":4},"end":{"line":99,"column":5}},{"start":{"line":91,"column":4},"end":{"line":99,"column":5}}],"line":91},"2":{"loc":{"start":{"line":106,"column":4},"end":{"line":108,"column":5}},"type":"if","locations":[{"start":{"line":106,"column":4},"end":{"line":108,"column":5}},{"start":{"line":106,"column":4},"end":{"line":108,"column":5}}],"line":106},"3":{"loc":{"start":{"line":110,"column":4},"end":{"line":123,"column":5}},"type":"if","locations":[{"start":{"line":110,"column":4},"end":{"line":123,"column":5}},{"start":{"line":110,"column":4},"end":{"line":123,"column":5}}],"line":110}},"s":{"0":1,"1":0,"2":0,"3":0,"4":0,"5":0,"6":0,"7":0,"8":0,"9":0,"10":0,"11":0},"f":{"0":0},"b":{"0":[0,0],"1":[0,0],"2":[0,0],"3":[0,0]},"_coverageSchema":"1a1c01bbd47fc00a2c39e90264f33305004495a9","hash":"ca74b8df7b23ad86d0d4d0cd9b25ab840e52ba82","contentHash":"2171d19c5b3ac2be60b5f0ba36056a09361936b6c3efcaa96c705625ef47aff0"},"C:\\Users\\Inteli\\Documents\\GitHub\\2024-1B-T12-IN02-G05\\src\\api\\controllers\\entrance\\update-password-and-login.js":{"path":"C:\\Users\\Inteli\\Documents\\GitHub\\2024-1B-T12-IN02-G05\\src\\api\\controllers\\entrance\\update-password-and-login.js","statementMap":{"0":{"start":{"line":1,"column":0},"end":{"line":80,"column":2}},"1":{"start":{"line":44,"column":4},"end":{"line":46,"column":5}},"2":{"start":{"line":45,"column":6},"end":{"line":45,"column":27}},"3":{"start":{"line":49,"column":21},"end":{"line":49,"column":70}},"4":{"start":{"line":52,"column":4},"end":{"line":54,"column":5}},"5":{"start":{"line":53,"column":6},"end":{"line":53,"column":27}},"6":{"start":{"line":57,"column":17},"end":{"line":57,"column":69}},"7":{"start":{"line":60,"column":4},"end":{"line":65,"column":7}},"8":{"start":{"line":69,"column":4},"end":{"line":69,"column":44}},"9":{"start":{"line":73,"column":4},"end":{"line":75,"column":5}},"10":{"start":{"line":74,"column":6},"end":{"line":74,"column":59}}},"fnMap":{"0":{"name":"(anonymous_0)","decl":{"start":{"line":42,"column":6},"end":{"line":42,"column":7}},"loc":{"start":{"line":42,"column":41},"end":{"line":77,"column":3}},"line":42}},"branchMap":{"0":{"loc":{"start":{"line":44,"column":4},"end":{"line":46,"column":5}},"type":"if","locations":[{"start":{"line":44,"column":4},"end":{"line":46,"column":5}},{"start":{"line":44,"column":4},"end":{"line":46,"column":5}}],"line":44},"1":{"loc":{"start":{"line":52,"column":4},"end":{"line":54,"column":5}},"type":"if","locations":[{"start":{"line":52,"column":4},"end":{"line":54,"column":5}},{"start":{"line":52,"column":4},"end":{"line":54,"column":5}}],"line":52},"2":{"loc":{"start":{"line":52,"column":8},"end":{"line":52,"column":75}},"type":"binary-expr","locations":[{"start":{"line":52,"column":8},"end":{"line":52,"column":19}},{"start":{"line":52,"column":23},"end":{"line":52,"column":75}}],"line":52},"3":{"loc":{"start":{"line":73,"column":4},"end":{"line":75,"column":5}},"type":"if","locations":[{"start":{"line":73,"column":4},"end":{"line":75,"column":5}},{"start":{"line":73,"column":4},"end":{"line":75,"column":5}}],"line":73}},"s":{"0":1,"1":0,"2":0,"3":0,"4":0,"5":0,"6":0,"7":0,"8":0,"9":0,"10":0},"f":{"0":0},"b":{"0":[0,0],"1":[0,0],"2":[0,0],"3":[0,0]},"_coverageSchema":"1a1c01bbd47fc00a2c39e90264f33305004495a9","hash":"ec899e511a135df2e9f1235d5afaf018b8636b30","contentHash":"4dfbeac5f82f729cb3b125364363a7e77325d5b4e305a6c7ec3b6825c035a767"},"C:\\Users\\Inteli\\Documents\\GitHub\\2024-1B-T12-IN02-G05\\src\\api\\controllers\\entrance\\view-confirmed-email.js":{"path":"C:\\Users\\Inteli\\Documents\\GitHub\\2024-1B-T12-IN02-G05\\src\\api\\controllers\\entrance\\view-confirmed-email.js","statementMap":{"0":{"start":{"line":1,"column":0},"end":{"line":27,"column":2}},"1":{"start":{"line":22,"column":4},"end":{"line":22,"column":14}}},"fnMap":{"0":{"name":"(anonymous_0)","decl":{"start":{"line":19,"column":6},"end":{"line":19,"column":7}},"loc":{"start":{"line":19,"column":24},"end":{"line":24,"column":3}},"line":19}},"branchMap":{},"s":{"0":1,"1":0},"f":{"0":0},"b":{},"_coverageSchema":"1a1c01bbd47fc00a2c39e90264f33305004495a9","hash":"945cd58621ed97a8154ab7720de9431d42a6e641","contentHash":"92e39d95f6f8f68425de227b2b16547db4bad9d40e3891afb091b1c916d272d3"},"C:\\Users\\Inteli\\Documents\\GitHub\\2024-1B-T12-IN02-G05\\src\\api\\controllers\\entrance\\view-forgot-password.js":{"path":"C:\\Users\\Inteli\\Documents\\GitHub\\2024-1B-T12-IN02-G05\\src\\api\\controllers\\entrance\\view-forgot-password.js","statementMap":{"0":{"start":{"line":1,"column":0},"end":{"line":36,"column":2}},"1":{"start":{"line":27,"column":4},"end":{"line":29,"column":5}},"2":{"start":{"line":28,"column":6},"end":{"line":28,"column":28}},"3":{"start":{"line":31,"column":4},"end":{"line":31,"column":14}}},"fnMap":{"0":{"name":"(anonymous_0)","decl":{"start":{"line":25,"column":6},"end":{"line":25,"column":7}},"loc":{"start":{"line":25,"column":24},"end":{"line":33,"column":3}},"line":25}},"branchMap":{"0":{"loc":{"start":{"line":27,"column":4},"end":{"line":29,"column":5}},"type":"if","locations":[{"start":{"line":27,"column":4},"end":{"line":29,"column":5}},{"start":{"line":27,"column":4},"end":{"line":29,"column":5}}],"line":27}},"s":{"0":1,"1":0,"2":0,"3":0},"f":{"0":0},"b":{"0":[0,0]},"_coverageSchema":"1a1c01bbd47fc00a2c39e90264f33305004495a9","hash":"d35b6431bf5d5e569b3193b38935a92a39d9c6dc","contentHash":"78e248f01d1c5cd5769cfaef0fdddcdaa52ca5a735a9c122b2f3871d69027150"},"C:\\Users\\Inteli\\Documents\\GitHub\\2024-1B-T12-IN02-G05\\src\\api\\controllers\\entrance\\view-login.js":{"path":"C:\\Users\\Inteli\\Documents\\GitHub\\2024-1B-T12-IN02-G05\\src\\api\\controllers\\entrance\\view-login.js","statementMap":{"0":{"start":{"line":1,"column":0},"end":{"line":35,"column":2}},"1":{"start":{"line":26,"column":4},"end":{"line":28,"column":5}},"2":{"start":{"line":27,"column":6},"end":{"line":27,"column":28}},"3":{"start":{"line":30,"column":4},"end":{"line":30,"column":14}}},"fnMap":{"0":{"name":"(anonymous_0)","decl":{"start":{"line":24,"column":6},"end":{"line":24,"column":7}},"loc":{"start":{"line":24,"column":24},"end":{"line":32,"column":3}},"line":24}},"branchMap":{"0":{"loc":{"start":{"line":26,"column":4},"end":{"line":28,"column":5}},"type":"if","locations":[{"start":{"line":26,"column":4},"end":{"line":28,"column":5}},{"start":{"line":26,"column":4},"end":{"line":28,"column":5}}],"line":26}},"s":{"0":1,"1":0,"2":0,"3":0},"f":{"0":0},"b":{"0":[0,0]},"_coverageSchema":"1a1c01bbd47fc00a2c39e90264f33305004495a9","hash":"befa3ebfe881bf6443936ca1b152d30b69392568","contentHash":"a27c108c66f22e558fff305c3df852b2ad245bb775367dc6df46476797134fe9"},"C:\\Users\\Inteli\\Documents\\GitHub\\2024-1B-T12-IN02-G05\\src\\api\\controllers\\entrance\\view-new-password.js":{"path":"C:\\Users\\Inteli\\Documents\\GitHub\\2024-1B-T12-IN02-G05\\src\\api\\controllers\\entrance\\view-new-password.js","statementMap":{"0":{"start":{"line":1,"column":0},"end":{"line":57,"column":2}},"1":{"start":{"line":37,"column":4},"end":{"line":40,"column":5}},"2":{"start":{"line":38,"column":6},"end":{"line":38,"column":148}},"3":{"start":{"line":39,"column":6},"end":{"line":39,"column":36}},"4":{"start":{"line":43,"column":21},"end":{"line":43,"column":70}},"5":{"start":{"line":45,"column":4},"end":{"line":47,"column":5}},"6":{"start":{"line":46,"column":6},"end":{"line":46,"column":36}},"7":{"start":{"line":50,"column":4},"end":{"line":52,"column":6}}},"fnMap":{"0":{"name":"(anonymous_0)","decl":{"start":{"line":34,"column":6},"end":{"line":34,"column":7}},"loc":{"start":{"line":34,"column":31},"end":{"line":54,"column":3}},"line":34}},"branchMap":{"0":{"loc":{"start":{"line":37,"column":4},"end":{"line":40,"column":5}},"type":"if","locations":[{"start":{"line":37,"column":4},"end":{"line":40,"column":5}},{"start":{"line":37,"column":4},"end":{"line":40,"column":5}}],"line":37},"1":{"loc":{"start":{"line":45,"column":4},"end":{"line":47,"column":5}},"type":"if","locations":[{"start":{"line":45,"column":4},"end":{"line":47,"column":5}},{"start":{"line":45,"column":4},"end":{"line":47,"column":5}}],"line":45},"2":{"loc":{"start":{"line":45,"column":8},"end":{"line":45,"column":75}},"type":"binary-expr","locations":[{"start":{"line":45,"column":8},"end":{"line":45,"column":19}},{"start":{"line":45,"column":23},"end":{"line":45,"column":75}}],"line":45}},"s":{"0":1,"1":0,"2":0,"3":0,"4":0,"5":0,"6":0,"7":0},"f":{"0":0},"b":{"0":[0,0],"1":[0,0],"2":[0,0]},"_coverageSchema":"1a1c01bbd47fc00a2c39e90264f33305004495a9","hash":"386b9dd73120fb41ab38d6226bc3ee380387c62a","contentHash":"d9146de45336975848bcc8641ec9ed7fc81f26f139e32224cd0c3c321850b146"},"C:\\Users\\Inteli\\Documents\\GitHub\\2024-1B-T12-IN02-G05\\src\\api\\controllers\\entrance\\view-signup.js":{"path":"C:\\Users\\Inteli\\Documents\\GitHub\\2024-1B-T12-IN02-G05\\src\\api\\controllers\\entrance\\view-signup.js","statementMap":{"0":{"start":{"line":1,"column":0},"end":{"line":35,"column":2}},"1":{"start":{"line":26,"column":4},"end":{"line":28,"column":5}},"2":{"start":{"line":27,"column":6},"end":{"line":27,"column":28}},"3":{"start":{"line":30,"column":4},"end":{"line":30,"column":14}}},"fnMap":{"0":{"name":"(anonymous_0)","decl":{"start":{"line":24,"column":6},"end":{"line":24,"column":7}},"loc":{"start":{"line":24,"column":24},"end":{"line":32,"column":3}},"line":24}},"branchMap":{"0":{"loc":{"start":{"line":26,"column":4},"end":{"line":28,"column":5}},"type":"if","locations":[{"start":{"line":26,"column":4},"end":{"line":28,"column":5}},{"start":{"line":26,"column":4},"end":{"line":28,"column":5}}],"line":26}},"s":{"0":1,"1":0,"2":0,"3":0},"f":{"0":0},"b":{"0":[0,0]},"_coverageSchema":"1a1c01bbd47fc00a2c39e90264f33305004495a9","hash":"58960734b46db546369b5dc9e8fb471785025079","contentHash":"b368b4943fe7ff02f98e4d855c400d93c54c8bc62bbbd11a71e947593dae12b6"},"C:\\Users\\Inteli\\Documents\\GitHub\\2024-1B-T12-IN02-G05\\src\\api\\controllers\\legal\\view-privacy.js":{"path":"C:\\Users\\Inteli\\Documents\\GitHub\\2024-1B-T12-IN02-G05\\src\\api\\controllers\\legal\\view-privacy.js","statementMap":{"0":{"start":{"line":1,"column":0},"end":{"line":27,"column":2}},"1":{"start":{"line":22,"column":4},"end":{"line":22,"column":11}}},"fnMap":{"0":{"name":"(anonymous_0)","decl":{"start":{"line":19,"column":6},"end":{"line":19,"column":7}},"loc":{"start":{"line":19,"column":24},"end":{"line":24,"column":3}},"line":19}},"branchMap":{},"s":{"0":1,"1":0},"f":{"0":0},"b":{},"_coverageSchema":"1a1c01bbd47fc00a2c39e90264f33305004495a9","hash":"cc1e891b972b5176b03723b1fecd885533cd66d5","contentHash":"bd45c0dab0f2bb93b6ff9
[...]
":{"start":{"line":24,"column":8},"end":{"line":24,"column":9}},"loc":{"start":{"line":24,"column":34},"end":{"line":34,"column":3}},"line":24},"2":{"name":"(anonymous_2)","decl":{"start":{"line":37,"column":11},"end":{"line":37,"column":12}},"loc":{"start":{"line":37,"column":37},"end":{"line":51,"column":3}},"line":37},"3":{"name":"(anonymous_3)","decl":{"start":{"line":54,"column":10},"end":{"line":54,"column":11}},"loc":{"start":{"line":54,"column":36},"end":{"line":68,"column":3}},"line":54},"4":{"name":"(anonymous_4)","decl":{"start":{"line":71,"column":11},"end":{"line":71,"column":12}},"loc":{"start":{"line":71,"column":37},"end":{"line":85,"column":3}},"line":71}},"branchMap":{"0":{"loc":{"start":{"line":42,"column":6},"end":{"line":44,"column":7}},"type":"if","locations":[{"start":{"line":42,"column":6},"end":{"line":44,"column":7}},{"start":{"line":42,"column":6},"end":{"line":44,"column":7}}],"line":42},"1":{"loc":{"start":{"line":59,"column":6},"end":{"line":61,"column":7}},"type":"if","locations":[{"start":{"line":59,"column":6},"end":{"line":61,"column":7}},{"start":{"line":59,"column":6},"end":{"line":61,"column":7}}],"line":59},"2":{"loc":{"start":{"line":76,"column":6},"end":{"line":78,"column":7}},"type":"if","locations":[{"start":{"line":76,"column":6},"end":{"line":78,"column":7}},{"start":{"line":76,"column":6},"end":{"line":78,"column":7}}],"line":76}},"s":{"0":1,"1":0,"2":0,"3":0,"4":0,"5":0,"6":0,"7":0,"8":0,"9":0,"10":0,"11":0,"12":0,"13":0,"14":0,"15":0,"16":0,"17":0,"18":0,"19":0,"20":0,"21":0,"22":0,"23":0,"24":0,"25":0,"26":0},"f":{"0":0,"1":0,"2":0,"3":0,"4":0},"b":{"0":[0,0],"1":[0,0],"2":[0,0]},"_coverageSchema":"1a1c01bbd47fc00a2c39e90264f33305004495a9","hash":"55e63b0baf53de093e62cc7a1480286bd69a4a8b","contentHash":"78396772db4bb9296fe33651970ad876f9cd781cdffa8137d5df16ef275d3a3c"},"C:\\Users\\Inteli\\Documents\\GitHub\\2024-1B-T12-IN02-G05\\src\\api\\controllers\\TeamController.js":{"path":"C:\\Users\\Inteli\\Documents\\GitHub\\2024-1B-T12-IN02-G05\\src\\api\\controllers\\TeamController.js","statementMap":{"0":{"start":{"line":8,"column":0},"end":{"line":86,"column":2}},"1":{"start":{"line":12,"column":4},"end":{"line":20,"column":5}},"2":{"start":{"line":14,"column":22},"end":{"line":14,"column":57}},"3":{"start":{"line":16,"column":6},"end":{"line":16,"column":43}},"4":{"start":{"line":19,"column":6},"end":{"line":19,"column":82}},"5":{"start":{"line":25,"column":4},"end":{"line":33,"column":5}},"6":{"start":{"line":27,"column":20},"end":{"line":27,"column":37}},"7":{"start":{"line":29,"column":6},"end":{"line":29,"column":41}},"8":{"start":{"line":32,"column":6},"end":{"line":32,"column":83}},"9":{"start":{"line":38,"column":4},"end":{"line":50,"column":5}},"10":{"start":{"line":40,"column":19},"end":{"line":40,"column":60}},"11":{"start":{"line":42,"column":6},"end":{"line":44,"column":7}},"12":{"start":{"line":43,"column":8},"end":{"line":43,"column":65}},"13":{"start":{"line":46,"column":6},"end":{"line":46,"column":40}},"14":{"start":{"line":49,"column":6},"end":{"line":49,"column":82}},"15":{"start":{"line":55,"column":4},"end":{"line":67,"column":5}},"16":{"start":{"line":57,"column":26},"end":{"line":57,"column":83}},"17":{"start":{"line":59,"column":6},"end":{"line":61,"column":7}},"18":{"start":{"line":60,"column":8},"end":{"line":60,"column":65}},"19":{"start":{"line":63,"column":6},"end":{"line":63,"column":47}},"20":{"start":{"line":66,"column":6},"end":{"line":66,"column":82}},"21":{"start":{"line":72,"column":4},"end":{"line":84,"column":5}},"22":{"start":{"line":74,"column":26},"end":{"line":74,"column":70}},"23":{"start":{"line":76,"column":6},"end":{"line":78,"column":7}},"24":{"start":{"line":77,"column":8},"end":{"line":77,"column":65}},"25":{"start":{"line":80,"column":6},"end":{"line":80,"column":36}},"26":{"start":{"line":83,"column":6},"end":{"line":83,"column":82}}},"fnMap":{"0":{"name":"(anonymous_0)","decl":{"start":{"line":11,"column":10},"end":{"line":11,"column":11}},"loc":{"start":{"line":11,"column":36},"end":{"line":21,"column":3}},"line":11},"1":{"name":"(anonymous_1)","decl":{"start":{"line":24,"column":8},"end":{"line":24,"column":9}},"loc":{"start":{"line":24,"column":34},"end":{"line":34,"column":3}},"line":24},"2":{"name":"(anonymous_2)","decl":{"start":{"line":37,"column":11},"end":{"line":37,"column":12}},"loc":{"start":{"line":37,"column":37},"end":{"line":51,"column":3}},"line":37},"3":{"name":"(anonymous_3)","decl":{"start":{"line":54,"column":10},"end":{"line":54,"column":11}},"loc":{"start":{"line":54,"column":36},"end":{"line":68,"column":3}},"line":54},"4":{"name":"(anonymous_4)","decl":{"start":{"line":71,"column":11},"end":{"line":71,"column":12}},"loc":{"start":{"line":71,"column":37},"end":{"line":85,"column":3}},"line":71}},"branchMap":{"0":{"loc":{"start":{"line":42,"column":6},"end":{"line":44,"column":7}},"type":"if","locations":[{"start":{"line":42,"column":6},"end":{"line":44,"column":7}},{"start":{"line":42,"column":6},"end":{"line":44,"column":7}}],"line":42},"1":{"loc":{"start":{"line":59,"column":6},"end":{"line":61,"column":7}},"type":"if","locations":[{"start":{"line":59,"column":6},"end":{"line":61,"column":7}},{"start":{"line":59,"column":6},"end":{"line":61,"column":7}}],"line":59},"2":{"loc":{"start":{"line":76,"column":6},"end":{"line":78,"column":7}},"type":"if","locations":[{"start":{"line":76,"column":6},"end":{"line":78,"column":7}},{"start":{"line":76,"column":6},"end":{"line":78,"column":7}}],"line":76}},"s":{"0":1,"1":0,"2":0,"3":0,"4":0,"5":0,"6":0,"7":0,"8":0,"9":0,"10":0,"11":0,"12":0,"13":0,"14":0,"15":0,"16":0,"17":0,"18":0,"19":0,"20":0,"21":0,"22":0,"23":0,"24":0,"25":0,"26":0},"f":{"0":0,"1":0,"2":0,"3":0,"4":0},"b":{"0":[0,0],"1":[0,0],"2":[0,0]},"_coverageSchema":"1a1c01bbd47fc00a2c39e90264f33305004495a9","hash":"af944bd10c1bd1f543caf7f539d5fa73eeafd3a2","contentHash":"77391e1ce6ce8d803569ee6c1a0db603df7252e1bf139278ffdc421ffed31b96"},"C:\\Users\\Inteli\\Documents\\GitHub\\2024-1B-T12-IN02-G05\\src\\api\\controllers\\TotalResultController.js":{"path":"C:\\Users\\Inteli\\Documents\\GitHub\\2024-1B-T12-IN02-G05\\src\\api\\controllers\\TotalResultController.js","statementMap":{"0":{"start":{"line":3,"column":0},"end":{"line":28,"column":2}},"1":{"start":{"line":5,"column":8},"end":{"line":26,"column":9}},"2":{"start":{"line":7,"column":30},"end":{"line":7,"column":51}},"3":{"start":{"line":8,"column":28},"end":{"line":8,"column":68}},"4":{"start":{"line":10,"column":12},"end":{"line":12,"column":13}},"5":{"start":{"line":11,"column":16},"end":{"line":11,"column":76}},"6":{"start":{"line":15,"column":32},"end":{"line":20,"column":13}},"7":{"start":{"line":22,"column":12},"end":{"line":22,"column":41}},"8":{"start":{"line":24,"column":12},"end":{"line":24,"column":71}},"9":{"start":{"line":25,"column":12},"end":{"line":25,"column":83}}},"fnMap":{"0":{"name":"(anonymous_0)","decl":{"start":{"line":4,"column":4},"end":{"line":4,"column":5}},"loc":{"start":{"line":4,"column":35},"end":{"line":27,"column":5}},"line":4}},"branchMap":{"0":{"loc":{"start":{"line":10,"column":12},"end":{"line":12,"column":13}},"type":"if","locations":[{"start":{"line":10,"column":12},"end":{"line":12,"column":13}},{"start":{"line":10,"column":12},"end":{"line":12,"column":13}}],"line":10}},"s":{"0":1,"1":0,"2":0,"3":0,"4":0,"5":0,"6":0,"7":0,"8":0,"9":0},"f":{"0":0},"b":{"0":[0,0]},"_coverageSchema":"1a1c01bbd47fc00a2c39e90264f33305004495a9","hash":"a70651a2e37caaf180e5a4303a16218c3e93ed0f","contentHash":"b064993d7ae5a73226c57ad2d5dc29aa79e947247f8c84edb352cb5a10fede75"},"C:\\Users\\Inteli\\Documents\\GitHub\\2024-1B-T12-IN02-G05\\src\\api\\controllers\\TutorController.js":{"path":"C:\\Users\\Inteli\\Documents\\GitHub\\2024-1B-T12-IN02-G05\\src\\api\\controllers\\TutorController.js","statementMap":{"0":{"start":{"line":9,"column":0},"end":{"line":87,"column":2}},"1":{"start":{"line":13,"column":4},"end":{"line":21,"column":5}},"2":{"start":{"line":15,"column":23},"end":{"line":15,"column":59}},"3":{"start":{"line":17,"column":6},"end":{"line":17,"column":44}},"4":{"start":{"line":20,"column":6},"end":{"line":20,"column":83}},"5":{"start":{"line":26,"column":4},"end":{"line":34,"column":5}},"6":{"start":{"line":28,"column":21},"end":{"line":28,"column":39}},"7":{"start":{"line":30,"column":6},"end":{"line":30,"column":42}},"8":{"start":{"line":33,"column":6},"end":{"line":33,"column":84}},"9":{"start":{"line":39,"column":4},"end":{"line":51,"column":5}},"10":{"start":{"line":41,"column":20},"end":{"line":41,"column":62}},"11":{"start":{"line":43,"column":6},"end":{"line":45,"column":7}},"12":{"start":{"line":44,"column":8},"end":{"line":44,"column":66}},"13":{"start":{"line":47,"column":6},"end":{"line":47,"column":41}},"14":{"start":{"line":50,"column":6},"end":{"line":50,"column":83}},"15":{"start":{"line":56,"column":4},"end":{"line":68,"column":5}},"16":{"start":{"line":58,"column":27},"end":{"line":58,"column":85}},"17":{"start":{"line":60,"column":6},"end":{"line":62,"column":7}},"18":{"start":{"line":61,"column":8},"end":{"line":61,"column":66}},"19":{"start":{"line":64,"column":6},"end":{"line":64,"column":48}},"20":{"start":{"line":67,"column":6},"end":{"line":67,"column":83}},"21":{"start":{"line":73,"column":4},"end":{"line":85,"column":5}},"22":{"start":{"line":75,"column":27},"end":{"line":75,"column":72}},"23":{"start":{"line":77,"column":6},"end":{"line":79,"column":7}},"24":{"start":{"line":78,"column":8},"end":{"line":78,"column":66}},"25":{"start":{"line":81,"column":6},"end":{"line":81,"column":36}},"26":{"start":{"line":84,"column":6},"end":{"line":84,"column":83}}},"fnMap":{"0":{"name":"(anonymous_0)","decl":{"start":{"line":12,"column":10},"end":{"line":12,"column":11}},"loc":{"start":{"line":12,"column":36},"end":{"line":22,"column":3}},"line":12},"1":{"name":"(anonymous_1)","decl":{"start":{"line":25,"column":8},"end":{"line":25,"column":9}},"loc":{"start":{"line":25,"column":34},"end":{"line":35,"column":3}},"line":25},"2":{"name":"(anonymous_2)","decl":{"start":{"line":38,"column":11},"end":{"line":38,"column":12}},"loc":{"start":{"line":38,"column":37},"end":{"line":52,"column":3}},"line":38},"3":{"name":"(anonymous_3)","decl":{"start":{"line":55,"column":10},"end":{"line":55,"column":11}},"loc":{"start":{"line":55,"column":36},"end":{"line":69,"column":3}},"line":55},"4":{"name":"(anonymous_4)","decl":{"start":{"line":72,"column":11},"end":{"line":72,"column":12}},"loc":{"start":{"line":72,"column":37},"end":{"line":86,"column":3}},"line":72}},"branchMap":{"0":{"loc":{"start":{"line":43,"column":6},"end":{"line":45,"column":7}},"type":"if","locations":[{"start":{"line":43,"column":6},"end":{"line":45,"column":7}},{"start":{"line":43,"column":6},"end":{"line":45,"column":7}}],"line":43},"1":{"loc":{"start":{"line":60,"column":6},"end":{"line":62,"column":7}},"type":"if","locations":[{"start":{"line":60,"column":6},"end":{"line":62,"column":7}},{"start":{"line":60,"column":6},"end":{"line":62,"column":7}}],"line":60},"2":{"loc":{"start":{"line":77,"column":6},"end":{"line":79,"column":7}},"type":"if","locations":[{"start":{"line":77,"column":6},"end":{"line":79,"column":7}},{"start":{"line":77,"column":6},"end":{"line":79,"column":7}}],"line":77}},"s":{"0":1,"1":0,"2":0,"3":0,"4":0,"5":0,"6":0,"7":0,"8":0,"9":0,"10":0,"11":0,"12":0,"13":0,"14":0,"15":0,"16":0,"17":0,"18":0,"19":0,"20":0,"21":0,"22":0,"23":0,"24":0,"25":0,"26":0},"f":{"0":0,"1":0,"2":0,"3":0,"4":0},"b":{"0":[0,0],"1":[0,0],"2":[0,0]},"_coverageSchema":"1a1c01bbd47fc00a2c39e90264f33305004495a9","hash":"53cd041ff320bcdcb5b894ec35c0290c44741282","contentHash":"39ea1ce16938fb3bbb3a743763ad5de781447cfaceb7247db4507b297b63daa1"},"C:\\Users\\Inteli\\Documents\\GitHub\\2024-1B-T12-IN02-G05\\src\\api\\controllers\\TutorTeamController.js":{"path":"C:\\Users\\Inteli\\Documents\\GitHub\\2024-1B-T12-IN02-G05\\src\\api\\controllers\\TutorTeamController.js","statementMap":{"0":{"start":{"line":8,"column":0},"end":{"line":86,"column":2}},"1":{"start":{"line":12,"column":4},"end":{"line":20,"column":5}},"2":{"start":{"line":14,"column":27},"end":{"line":14,"column":67}},"3":{"start":{"line":16,"column":6},"end":{"line":16,"column":48}},"4":{"start":{"line":19,"column":6},"end":{"line":19,"column":101}},"5":{"start":{"line":25,"column":4},"end":{"line":33,"column":5}},"6":{"start":{"line":27,"column":25},"end":{"line":27,"column":47}},"7":{"start":{"line":29,"column":6},"end":{"line":29,"column":46}},"8":{"start":{"line":32,"column":6},"end":{"line":32,"column":102}},"9":{"start":{"line":38,"column":4},"end":{"line":50,"column":5}},"10":{"start":{"line":40,"column":24},"end":{"line":40,"column":70}},"11":{"start":{"line":42,"column":6},"end":{"line":44,"column":7}},"12":{"start":{"line":43,"column":8},"end":{"line":43,"column":84}},"13":{"start":{"line":46,"column":6},"end":{"line":46,"column":45}},"14":{"start":{"line":49,"column":6},"end":{"line":49,"column":101}},"15":{"start":{"line":55,"column":4},"end":{"line":67,"column":5}},"16":{"start":{"line":57,"column":31},"end":{"line":57,"column":93}},"17":{"start":{"line":59,"column":6},"end":{"line":61,"column":7}},"18":{"start":{"line":60,"column":8},"end":{"line":60,"column":84}},"19":{"start":{"line":63,"column":6},"end":{"line":63,"column":52}},"20":{"start":{"line":66,"column":6},"end":{"line":66,"column":101}},"21":{"start":{"line":72,"column":4},"end":{"line":84,"column":5}},"22":{"start":{"line":74,"column":31},"end":{"line":74,"column":80}},"23":{"start":{"line":76,"column":6},"end":{"line":78,"column":7}},"24":{"start":{"line":77,"column":8},"end":{"line":77,"column":84}},"25":{"start":{"line":80,"column":6},"end":{"line":80,"column":36}},"26":{"start":{"line":83,"column":6},"end":{"line":83,"column":101}}},"fnMap":{"0":{"name":"(anonymous_0)","decl":{"start":{"line":11,"column":10},"end":{"line":11,"column":11}},"loc":{"start":{"line":11,"column":36},"end":{"line":21,"column":3}},"line":11},"1":{"name":"(anonymous_1)","decl":{"start":{"line":24,"column":8},"end":{"line":24,"column":9}},"loc":{"start":{"line":24,"column":34},"end":{"line":34,"column":3}},"line":24},"2":{"name":"(anonymous_2)","decl":{"start":{"line":37,"column":11},"end":{"line":37,"column":12}},"loc":{"start":{"line":37,"column":37},"end":{"line":51,"column":3}},"line":37},"3":{"name":"(anonymous_3)","decl":{"start":{"line":54,"column":10},"end":{"line":54,"column":11}},"loc":{"start":{"line":54,"column":36},"end":{"line":68,"column":3}},"line":54},"4":{"name":"(anonymous_4)","decl":{"start":{"line":71,"column":11},"end":{"line":71,"column":12}},"loc":{"start":{"line":71,"column":37},"end":{"line":85,"column":3}},"line":71}},"branchMap":{"0":{"loc":{"start":{"line":42,"column":6},"end":{"line":44,"column":7}},"type":"if","locations":[{"start":{"line":42,"column":6},"end":{"line":44,"column":7}},{"start":{"line":42,"column":6},"end":{"line":44,"column":7}}],"line":42},"1":{"loc":{"start":{"line":59,"column":6},"end":{"line":61,"column":7}},"type":"if","locations":[{"start":{"line":59,"column":6},"end":{"line":61,"column":7}},{"start":{"line":59,"column":6},"end":{"line":61,"column":7}}],"line":59},"2":{"loc":{"start":{"line":76,"column":6},"end":{"line":78,"column":7}},"type":"if","locations":[{"start":{"line":76,"column":6},"end":{"line":78,"column":7}},{"start":{"line":76,"column":6},"end":{"line":78,"column":7}}],"line":76}},"s":{"0":1,"1":0,"2":0,"3":0,"4":0,"5":0,"6":0,"7":0,"8":0,"9":0,"10":0,"11":0,"12":0,"13":0,"14":0,"15":0,"16":0,"17":0,"18":0,"19":0,"20":0,"21":0,"22":0,"23":0,"24":0,"25":0,"26":0},"f":{"0":0,"1":0,"2":0,"3":0,"4":0},"b":{"0":[0,0],"1":[0,0],"2":[0,0]},"_coverageSchema":"1a1c01bbd47fc00a2c39e90264f33305004495a9","hash":"a3baed8ab894ba147f2d91fcfe9947cbbdde4793","contentHash":"3af98a92f2ca8242686d35e68367974b25cc4379a996674f2917a839dfeacd53"},"C:\\Users\\Inteli\\Documents\\GitHub\\2024-1B-T12-IN02-G05\\src\\api\\controllers\\UniversityController.js":{"path":"C:\\Users\\Inteli\\Documents\\GitHub\\2024-1B-T12-IN02-G05\\src\\api\\controllers\\UniversityController.js","statementMap":{"0":{"start":{"line":8,"column":0},"end":{"line":86,"column":2}},"1":{"start":{"line":12,"column":4},"end":{"line":20,"column":5}},"2":{"start":{"line":14,"column":28},"end":{"line":14,"column":69}},"3":{"start":{"line":16,"column":6},"end":{"line":16,"column":49}},"4":{"start":{"line":19,"column":6},"end":{"line":19,"column":88}},"5":{"start":{"line":25,"column":4},"end":{"line":33,"column":5}},"6":{"start":{"line":27,"column":27},"end":{"line":27,"column":50}},"7":{"start":{"line":29,"column":6},"end":{"line":29,"column":48}},"8":{"start":{"line":32,"column":6},"end":{"line":32,"column":90}},"9":{"start":{"line":38,"column":4},"end":{"line":50,"column":5}},"10":{"start":{"line":40,"column":25},"end":{"line":40,"column":72}},"11":{"start":{"line":42,"column":6},"end":{"line":44,"column":7}},"12":{"start":{"line":43,"column":8},"end":{"line":43,"column":71}},"13":{"start":{"line":46,"column":6},"end":{"line":46,"column":46}},"14":{"start":{"line":49,"column":6},"end":{"line":49,"column":88}},"15":{"start":{"line":55,"column":4},"end":{"line":67,"column":5}},"16":{"start":{"line":57,"column":32},"end":{"line":57,"column":95}},"17":{"start":{"line":59,"column":6},"end":{"line":61,"column":7}},"18":{"start":{"line":60,"column":8},"end":{"line":60,"column":71}},"19":{"start":{"line":63,"column":6},"end":{"line":63,"column":53}},"20":{"start":{"line":66,"column":6},"end":{"line":66,"column":88}},"21":{"start":{"line":72,"column":4},"end":{"line":84,"column":5}},"22":{"start":{"line":74,"column":32},"end":{"line":74,"column":82}},"23":{"start":{"line":76,"column":6},"end":{"line":78,"column":7}},"24":{"start":{"line":77,"column":8},"end":{"line":77,"column":71}},"25":{"start":{"line":80,"column":6},"end":{"line":80,"column":36}},"26":{"start":{"line":83,"column":6},"end":{"line":83,"column":88}}},"fnMap":{"0":{"name":"(anonymous_0)","decl":{"start":{"line":11,"column":10},"end":{"line":11,"column":11}},"loc":{"start":{"line":11,"column":36},"end":{"line":21,"column":3}},"line":11},"1":{"name":"(anonymous_1)","decl":{"start":{"line":24,"column":8},"end":{"line":24,"column":9}},"loc":{"start":{"line":24,"column":34},"end":{"line":34,"column":3}},"line":24},"2":{"name":"(anonymous_2)","decl":{"start":{"line":37,"column":11},"end":{"line":37,"column":12}},"loc":{"start":{"line":37,"column":37},"end":{"line":51,"column":3}},"line":37},"3":{"name":"(anonymous_3)","decl":{"start":{"line":54,"column":10},"end":{"line":54,"column":11}},"loc":{"start":{"line":54,"column":36},"end":{"line":68,"column":3}},"line":54},"4":{"name":"(anonymous_4)","decl":{"start":{"line":71,"column":11},"end":{"line":71,"column":12}},"loc":{"start":{"line":71,"column":37},"end":{"line":85,"column":3}},"line":71}},"branchMap":{"0":{"loc":{"start":{"line":42,"column":6},"end":{"line":44,"column":7}},"type":"if","locations":[{"start":{"line":42,"column":6},"end":{"line":44,"column":7}},{"start":{"line":42,"column":6},"end":{"line":44,"column":7}}],"line":42},"1":{"loc":{"start":{"line":59,"column":6},"end":{"line":61,"column":7}},"type":"if","locations":[{"start":{"line":59,"column":6},"end":{"line":61,"column":7}},{"start":{"line":59,"column":6},"end":{"line":61,"column":7}}],"line":59},"2":{"loc":{"start":{"line":76,"column":6},"end":{"line":78,"column":7}},"type":"if","locations":[{"start":{"line":76,"column":6},"end":{"line":78,"column":7}},{"start":{"line":76,"column":6},"end":{"line":78,"column":7}}],"line":76}},"s":{"0":1,"1":0,"2":0,"3":0,"4":0,"5":0,"6":0,"7":0,"8":0,"9":0,"10":0,"11":0,"12":0,"13":0,"14":0,"15":0,"16":0,"17":0,"18":0,"19":0,"20":0,"21":0,"22":0,"23":0,"24":0,"25":0,"26":0},"f":{"0":0,"1":0,"2":0,"3":0,"4":0},"b":{"0":[0,0],"1":[0,0],"2":[0,0]},"_coverageSchema":"1a1c01bbd47fc00a2c39e90264f33305004495a9","hash":"0d56207fbe6f71d8f0915a81e4cf62a3d93ca9d6","contentHash":"9606ab6e23acb760c1edce8792cf6351284b06f6c021cb3cfdce0f550a61aafc"}}